Building DAG of jobs...
Using shell: /bin/bash
Provided cores: 8
Rules claiming more threads will be scaled down.
Job stats:
job          count    min threads    max threads
---------  -------  -------------  -------------
ancestral        1              1              1
export           1              1              1
refine           1              1              1
traits           1              1              1
translate        1              1              1
total            5              1              1

Select jobs to execute...

[Tue Jul 19 17:29:35 2022]
Job 1: 
        Refining tree
          - estimate timetree
          - use opt coalescent timescale
          - estimate marginal node dates
          - filter tips more than 1 IQDs from clock expectation
        

[Tue Jul 19 17:33:08 2022]
Finished job 1.
1 of 5 steps (20%) done
Select jobs to execute...

[Tue Jul 19 17:33:08 2022]
Job 3: Inferring ancestral traits for state


[Tue Jul 19 17:33:08 2022]
Job 4: Reconstructing ancestral sequences and mutations

[Tue Jul 19 17:33:11 2022]
Finished job 3.
2 of 5 steps (40%) done
[Tue Jul 19 17:33:21 2022]
Finished job 4.
3 of 5 steps (60%) done
Select jobs to execute...

[Tue Jul 19 17:33:21 2022]
Job 5: Translating amino acid sequences

[Tue Jul 19 17:33:22 2022]
Error in rule translate:
    jobid: 5
    output: results/aa_muts.json
    shell:
        
        augur translate             --tree results/tree.nwk             --ancestral-sequences results/nt_muts.json             --reference-sequence config/reference.gb             --output-node-data results/aa_muts.json         
        (one of the commands exited with non-zero exit code; note that snakemake uses bash strict mode!)

Shutting down, this might take some time.
Exiting because a job execution failed. Look above for error message
Complete log: /Users/user/GLab Dropbox/GLab_team/Projects/2022_EEEV/EEEV-nextstrain/.snakemake/log/2022-07-19T172935.632778.snakemake.log
