Building DAG of jobs...
Using shell: /bin/bash
Provided cores: 8
Rules claiming more threads will be scaled down.
Job stats:
job          count    min threads    max threads
---------  -------  -------------  -------------
export           1              1              1
translate        1              1              1
total            2              1              1

Select jobs to execute...

[Tue Jul 19 17:45:48 2022]
Job 5: Translating amino acid sequences

[Tue Jul 19 17:45:53 2022]
Finished job 5.
1 of 2 steps (50%) done
Select jobs to execute...

[Tue Jul 19 17:45:53 2022]
Job 0: Exporting data files for for auspice

RuleException in line 123 of /Users/user/GLab Dropbox/GLab_team/Projects/2022_EEEV/EEEV-nextstrain/Snakefile:
'InputFiles' object has no attribute 'clades'
