Building DAG of jobs...
Using shell: /bin/bash
Provided cores: 8
Rules claiming more threads will be scaled down.
Job stats:
job          count    min threads    max threads
---------  -------  -------------  -------------
ancestral        1              1              1
export           1              1              1
refine           1              1              1
traits           1              1              1
translate        1              1              1
total            5              1              1

Select jobs to execute...

[Tue Jul 19 17:51:01 2022]
Job 1: 
        Refining tree
          - estimate timetree
          - use opt coalescent timescale
          - estimate marginal node dates
          - filter tips more than 1 IQDs from clock expectation
        

[Tue Jul 19 17:54:41 2022]
Finished job 1.
1 of 5 steps (20%) done
Select jobs to execute...

[Tue Jul 19 17:54:41 2022]
Job 3: Inferring ancestral traits for state


[Tue Jul 19 17:54:41 2022]
Job 4: Reconstructing ancestral sequences and mutations

[Tue Jul 19 17:54:45 2022]
Finished job 3.
2 of 5 steps (40%) done
[Tue Jul 19 17:54:54 2022]
Finished job 4.
3 of 5 steps (60%) done
Select jobs to execute...

[Tue Jul 19 17:54:54 2022]
Job 5: Translating amino acid sequences

[Tue Jul 19 17:54:59 2022]
Finished job 5.
4 of 5 steps (80%) done
Select jobs to execute...

[Tue Jul 19 17:54:59 2022]
Job 0: Exporting data files for for auspice

[Tue Jul 19 17:54:59 2022]
Error in rule export:
    jobid: 0
    output: auspice/EEEV_USA.json
    shell:
        
        augur export v2             --tree results/tree.nwk             --metadata data/study_dataset.csv             --node-data results/branch_lengths.json results/traits.json results/nt_muts.json results/aa_muts.json             --colors config/colors.tsv             --lat-longs config/lat_longs.tsv             --auspice-config config/auspice_config.json             --output auspice/EEEV_USA.json
        
        (one of the commands exited with non-zero exit code; note that snakemake uses bash strict mode!)

Shutting down, this might take some time.
Exiting because a job execution failed. Look above for error message
Complete log: /Users/user/GLab Dropbox/GLab_team/Projects/2022_EEEV/EEEV-nextstrain/.snakemake/log/2022-07-19T175101.642353.snakemake.log
