Building DAG of jobs...
Using shell: /bin/bash
Provided cores: 8
Rules claiming more threads will be scaled down.
Job stats:
job          count    min threads    max threads
---------  -------  -------------  -------------
ancestral        1              1              1
export           1              1              1
refine           1              1              1
traits           1              1              1
translate        1              1              1
tree             1              1              1
total            6              1              1

Select jobs to execute...

[Tue Jul 26 11:05:05 2022]
Job 2: Building tree

[Tue Jul 26 11:05:41 2022]
Finished job 2.
1 of 6 steps (17%) done
Select jobs to execute...

[Tue Jul 26 11:05:41 2022]
Job 1: 
        Refining tree
          - estimate timetree
          - use opt coalescent timescale
          - estimate marginal node dates
          - filter tips more than 10 IQDs from clock expectation
        

[Tue Jul 26 11:11:09 2022]
Finished job 1.
2 of 6 steps (33%) done
Select jobs to execute...

[Tue Jul 26 11:11:09 2022]
Job 3: Inferring ancestral traits for state


[Tue Jul 26 11:11:09 2022]
Job 4: Reconstructing ancestral sequences and mutations

[Tue Jul 26 11:11:14 2022]
Finished job 3.
3 of 6 steps (50%) done
[Tue Jul 26 11:11:26 2022]
Finished job 4.
4 of 6 steps (67%) done
Select jobs to execute...

[Tue Jul 26 11:11:26 2022]
Job 5: Translating amino acid sequences

[Tue Jul 26 11:11:31 2022]
Finished job 5.
5 of 6 steps (83%) done
Select jobs to execute...

[Tue Jul 26 11:11:31 2022]
Job 0: Exporting data files for for auspice

[Tue Jul 26 11:11:32 2022]
Finished job 0.
6 of 6 steps (100%) done
Complete log: /Users/user/GLab Dropbox/GLab_team/Projects/2022_EEEV/EEEV-nextstrain/.snakemake/log/2022-07-26T110505.839770.snakemake.log
