Building DAG of jobs...
Using shell: /bin/bash
Provided cores: 8
Rules claiming more threads will be scaled down.
Job stats:
job          count    min threads    max threads
---------  -------  -------------  -------------
ancestral        1              1              1
export           1              1              1
filter           1              1              1
refine           1              1              1
traits           1              1              1
translate        1              1              1
tree             1              1              1
total            7              1              1

Select jobs to execute...

[Wed Jul 27 11:35:43 2022]
Job 3: 
        Filtering to
          - excluding strains in config/dropped_strains.txt
        

[Wed Jul 27 11:35:46 2022]
Finished job 3.
1 of 7 steps (14%) done
Select jobs to execute...

[Wed Jul 27 11:35:46 2022]
Job 2: Building tree

[Wed Jul 27 11:36:14 2022]
Finished job 2.
2 of 7 steps (29%) done
Select jobs to execute...

[Wed Jul 27 11:36:14 2022]
Job 1: 
        Refining tree
          - estimate timetree
          - use opt coalescent timescale
          - estimate marginal node dates
          - filter tips more than 10 IQDs from clock expectation
        

[Wed Jul 27 11:41:44 2022]
Finished job 1.
3 of 7 steps (43%) done
Select jobs to execute...

[Wed Jul 27 11:41:44 2022]
Job 4: Inferring ancestral traits for state


[Wed Jul 27 11:41:44 2022]
Job 5: Reconstructing ancestral sequences and mutations

[Wed Jul 27 11:41:49 2022]
Finished job 4.
4 of 7 steps (57%) done
[Wed Jul 27 11:42:00 2022]
Finished job 5.
5 of 7 steps (71%) done
Select jobs to execute...

[Wed Jul 27 11:42:00 2022]
Job 6: Translating amino acid sequences

[Wed Jul 27 11:42:06 2022]
Finished job 6.
6 of 7 steps (86%) done
Select jobs to execute...

[Wed Jul 27 11:42:06 2022]
Job 0: Exporting data files for for auspice

[Wed Jul 27 11:42:07 2022]
Finished job 0.
7 of 7 steps (100%) done
Complete log: /Users/user/GLab Dropbox/GLab_team/Projects/2022_EEEV/EEEV-nextstrain/.snakemake/log/2022-07-27T113543.485056.snakemake.log
