IQ-TREE multicore version 2.2.0-beta COVID-edition for Mac OS X 64-bit built Dec 21 2021 built Dec 21 2021
Developed by Bui Quang Minh, James Barbetti, Nguyen Lam Tung,
Olga Chernomor, Heiko Schmidt, Dominik Schrempf, Michael Woodhams, Ly Trong Nhan.

Host:    users-MacBook.local (SSE4.2, 16 GB RAM)
Command: iqtree2 -ninit 2 -n 2 -me 0.05 -nt 1 -s data/study_dataset-delim.fasta -m GTR
Seed:    249714 (Using SPRNG - Scalable Parallel Random Number Generator)
Time:    Tue Jul 19 17:01:43 2022
Kernel:  SSE2 - 1 threads (8 CPU cores detected)

HINT: Use -nt option to specify number of threads because your CPU has 8 cores!
HINT: -nt AUTO will automatically determine the best number of threads to use.

Reading alignment file data/study_dataset-delim.fasta ... Fasta format detected
Reading fasta file: done in 0.104943 secs using 91.25% CPU
Alignment most likely contains DNA/RNA sequences
Constructing alignment: done in 0.0400372 secs using 84.86% CPU
Alignment has 524 sequences with 11277 columns, 2392 distinct patterns
1839 parsimony-informative, 959 singleton sites, 8479 constant sites
                                                                    Gap/Ambiguity  Composition  p-value
Analyzing sequences: done in 0.00302005 secs using 89.37% CPU
   1  KX000089_1933_DELIM-WDPEIYJFLHRXBLEUDNXI_1933                         0.03%    passed     98.18%
   2  KJ469600_1933_DELIM-WDPEIYJFLHRXBLEUDNXI_1933                         0.03%    passed     98.27%
   3  KJ469583_1934_DELIM-WDPEIYJFLHRXBLEUDNXI_1934                         0.03%    passed     98.57%
   4  KJ469566_1935_DELIM-WDPEIYJFLHRXBLEUDNXI_1935                         0.03%    passed     98.45%
   5  KJ469609_1953_DELIM-WDPEIYJFLHRXBLEUDNXI_1953                         0.03%    passed     99.15%
   6  AY722102_2004_DELIM-WDPEIYJFLHRXBLEUDNXI_2004                         0.03%    passed     98.14%
   7  KX000218_1973_DELIM-WDPEIYJFLHRXBLEUDNXI_1973-10-01                   0.03%    passed     98.42%
   8  KX000099_1969_DELIM-WDPEIYJFLHRXBLEUDNXI_1969                         0.03%    passed     97.93%
   9  KJ469635_1969_DELIM-WDPEIYJFLHRXBLEUDNXI_1969                         0.03%    passed     98.07%
  10  EF568607_1960_DELIM-WDPEIYJFLHRXBLEUDNXI_1960                         0.03%    passed     98.42%
  11  KJ469599_1960_DELIM-WDPEIYJFLHRXBLEUDNXI_1960                         0.03%    passed     97.89%
  12  KX000120_1971_DELIM-WDPEIYJFLHRXBLEUDNXI_1971-08-23                   0.05%    passed     99.80%
  13  KX000114_1971_DELIM-WDPEIYJFLHRXBLEUDNXI_1971-08-28                   0.05%    passed     99.73%
  14  KX000078_1971_DELIM-WDPEIYJFLHRXBLEUDNXI_1971-08-24                   0.05%    passed     99.67%
  15  KJ469617_1979_DELIM-WDPEIYJFLHRXBLEUDNXI_1979                         0.03%    passed     99.47%
  16  KJ469611_1977_DELIM-WDPEIYJFLHRXBLEUDNXI_1977                         0.03%    passed     99.65%
  17  KJ469603_1951_DELIM-WDPEIYJFLHRXBLEUDNXI_1951                         0.03%    passed     98.88%
  18  KX000069_1974_DELIM-WDPEIYJFLHRXBLEUDNXI_1974-09-05                   0.03%    passed     99.63%
  19  KJ469567_1974_DELIM-WDPEIYJFLHRXBLEUDNXI_1974                         0.03%    passed     99.63%
  20  KX000053_1974_DELIM-WDPEIYJFLHRXBLEUDNXI_1974-09-12                   0.03%    passed     99.51%
  21  KX000047_1975_DELIM-WDPEIYJFLHRXBLEUDNXI_1975-07-16                   0.03%    passed     99.51%
  22  KX000065_1974_DELIM-WDPEIYJFLHRXBLEUDNXI_1974-09-05                   0.03%    passed     99.43%
  23  KX000066_1974_DELIM-WDPEIYJFLHRXBLEUDNXI_1974-09-04                   0.03%    passed     99.72%
  24  KJ469630_1990_DELIM-WDPEIYJFLHRXBLEUDNXI_1990                         0.03%    passed     99.40%
  25  KJ469624_1984_DELIM-WDPEIYJFLHRXBLEUDNXI_1984                         0.03%    passed     99.98%
  26  KJ469579_1982_DELIM-WDPEIYJFLHRXBLEUDNXI_1982                         0.03%    passed     99.66%
  27  KU840369_1986_DELIM-WDPEIYJFLHRXBLEUDNXI_1986-01-02                   0.03%    passed     99.96%
  28  KJ469575_1996_DELIM-WDPEIYJFLHRXBLEUDNXI_1996                         0.03%    passed     99.99%
  29  KJ469563_1996_DELIM-WDPEIYJFLHRXBLEUDNXI_1996                         0.03%    passed     99.97%
  30  KU840378_1994_DELIM-WDPEIYJFLHRXBLEUDNXI_1994-04-06                   0.03%    passed     97.55%
  31  EF151502_1993_DELIM-WDPEIYJFLHRXBLEUDNXI_1993                         0.03%    passed     99.20%
  32  U01034_1982_DELIM-WDPEIYJFLHRXBLEUDNXI_1982                           0.05%    passed     99.13%
  33  SL19-1584_S34_2019_DELIM-WDPEIYJFLHRXBLEUDNXI_2019-08-29              0.03%    passed     99.84%
  34  ARB15MS330238_S4_2015_DELIM-WDPEIYJFLHRXBLEUDNXI_2015-06-25           0.03%    passed     99.45%
  35  ARB15MS260175_S6_2015_DELIM-WDPEIYJFLHRXBLEUDNXI_2015-07-28           0.03%    passed     99.34%
  36  ARB15MS260105_S5_2015_DELIM-WDPEIYJFLHRXBLEUDNXI_2015-07-06           0.04%    passed     99.49%
  37  ARB15MS260353_S12_2015_DELIM-WDPEIYJFLHRXBLEUDNXI_2015-09-23          0.03%    passed     99.72%
  38  RAB15ANI05065-01-00_S10_2015_DELIM-WDPEIYJFLHRXBLEUDNXI_2015-09-12    0.03%    passed     99.86%
  39  KX029273_2009_DELIM-WDPEIYJFLHRXBLEUDNXI_2009-08-19                   0.03%    passed     99.99%
  40  KX000182_2004_DELIM-WDPEIYJFLHRXBLEUDNXI_2004-09-07                   0.03%    passed     99.97%
  41  KX000095_2004_DELIM-WDPEIYJFLHRXBLEUDNXI_2004-09-02                   0.03%    passed     99.99%
  42  KX000091_2004_DELIM-WDPEIYJFLHRXBLEUDNXI_2004-09-17                   0.03%    passed     99.95%
  43  KX000051_2003_DELIM-WDPEIYJFLHRXBLEUDNXI_2003-09-25                   0.03%    passed    100.00%
  44  KU840335_2002_DELIM-WDPEIYJFLHRXBLEUDNXI_2002-12-18                   0.03%    passed     99.99%
  45  KJ469571_2003_DELIM-WDPEIYJFLHRXBLEUDNXI_2003                         0.03%    passed     99.99%
  46  KU840320_2003_DELIM-WDPEIYJFLHRXBLEUDNXI_2003-07-28                   0.03%    passed     99.98%
  47  KJ469625_2009_DELIM-WDPEIYJFLHRXBLEUDNXI_2009                         0.03%    passed     99.87%
  48  KU840297_2008_DELIM-WDPEIYJFLHRXBLEUDNXI_2008-06-25                   0.03%    passed     99.79%
  49  KX000160_2014_DELIM-WDPEIYJFLHRXBLEUDNXI_2014-09-01                   0.03%    passed     99.97%
  50  KX000111_2014_DELIM-WDPEIYJFLHRXBLEUDNXI_2014-09-02                   0.03%    passed     99.95%
  51  KX000137_2014_DELIM-WDPEIYJFLHRXBLEUDNXI_2014-08-27                   0.03%    passed     99.96%
  52  KX000135_2014_DELIM-WDPEIYJFLHRXBLEUDNXI_2014-07-16                   0.03%    passed     99.98%
  53  KX000092_2014_DELIM-WDPEIYJFLHRXBLEUDNXI_2014-07-31                   0.03%    passed     99.96%
  54  ARB15MS370406_S7_2015_DELIM-WDPEIYJFLHRXBLEUDNXI_2015-07-27           0.03%    passed     99.93%
  55  KX000072_2014_DELIM-WDPEIYJFLHRXBLEUDNXI_2014-08-21                   0.03%    passed     99.98%
  56  KX000076_2014_DELIM-WDPEIYJFLHRXBLEUDNXI_2014-09-03                   0.32%    passed     99.96%
  57  KU840360_2010_DELIM-WDPEIYJFLHRXBLEUDNXI_2010-07-22                   0.03%    passed     99.90%
  58  ARB19MS510595_S24_2019_DELIM-WDPEIYJFLHRXBLEUDNXI_2019-07-31          0.03%    passed     99.99%
  59  RAB16ANI05362-01-00_S14_2016_DELIM-WDPEIYJFLHRXBLEUDNXI_2016-08-23    0.03%    passed     99.68%
  60  KJ469650_2009_DELIM-WDPEIYJFLHRXBLEUDNXI_2009                         0.03%    passed     99.78%
  61  KX000071_2013_DELIM-WDPEIYJFLHRXBLEUDNXI_2013-09-12                   0.03%    passed     99.25%
  62  KU840294_2010_DELIM-WDPEIYJFLHRXBLEUDNXI_2010-06-14                   0.03%    passed     99.35%
  63  KJ469627_2003_DELIM-WDPEIYJFLHRXBLEUDNXI_2003                         0.03%    passed     99.26%
  64  AY705240_1997_DELIM-WDPEIYJFLHRXBLEUDNXI_1997-08-01                   0.03%    passed     99.84%
  65  KJ469620_2006_DELIM-WDPEIYJFLHRXBLEUDNXI_2006                         0.03%    passed     99.98%
  66  KX029317_2011_DELIM-WDPEIYJFLHRXBLEUDNXI_2011-09-15                   0.03%    passed     99.85%
  67  KX029301_2011_DELIM-WDPEIYJFLHRXBLEUDNXI_2011-09-14                   0.03%    passed     99.83%
  68  KX029291_2012_DELIM-WDPEIYJFLHRXBLEUDNXI_2012-09-18                   0.03%    passed     99.81%
  69  KX029248_2012_DELIM-WDPEIYJFLHRXBLEUDNXI_2012-08-09                   0.03%    passed     99.81%
  70  KX029236_2012_DELIM-WDPEIYJFLHRXBLEUDNXI_2012-09-05                   0.03%    passed     99.79%
  71  KX029275_2011_DELIM-WDPEIYJFLHRXBLEUDNXI_2011-09-13                   0.03%    passed     99.86%
  72  KX029298_2011_DELIM-WDPEIYJFLHRXBLEUDNXI_2011-09-15                   0.03%    passed     99.84%
  73  KX029281_2009_DELIM-WDPEIYJFLHRXBLEUDNXI_2009-10-09                   0.03%    passed     99.82%
  74  KX029293_2013_DELIM-WDPEIYJFLHRXBLEUDNXI_2013-09-17                   0.03%    passed     99.66%
  75  KX000157_2013_DELIM-WDPEIYJFLHRXBLEUDNXI_2013-08-08                   0.03%    passed     99.77%
  76  KX000146_2012_DELIM-WDPEIYJFLHRXBLEUDNXI_2012-08-17                   0.03%    passed     99.76%
  77  KX000050_2012_DELIM-WDPEIYJFLHRXBLEUDNXI_2012-09-08                   0.03%    passed     99.88%
  78  KT153580_2012_DELIM-WDPEIYJFLHRXBLEUDNXI_2012-08-07                   0.03%    passed     99.91%
  79  KT153581_2012_DELIM-WDPEIYJFLHRXBLEUDNXI_2012-09-18                   0.03%    passed     99.86%
  80  KX029230_2014_DELIM-WDPEIYJFLHRXBLEUDNXI_2014-09-23                   0.03%    passed     99.78%
  81  KX000075_2008_DELIM-WDPEIYJFLHRXBLEUDNXI_2008-08-05                   0.03%    passed     99.95%
  82  KX000230_2012_DELIM-WDPEIYJFLHRXBLEUDNXI_2012-07-23                   0.03%    passed     99.90%
  83  KU840347_2009_DELIM-WDPEIYJFLHRXBLEUDNXI_2009-03-16                   0.03%    passed     99.80%
  84  KU840328_2005_DELIM-WDPEIYJFLHRXBLEUDNXI_2005-06-06                   0.03%    passed     99.65%
  85  KJ469615_2003_DELIM-WDPEIYJFLHRXBLEUDNXI_2003                         0.03%    passed     99.94%
  86  KU840319_2003_DELIM-WDPEIYJFLHRXBLEUDNXI_2003-06-02                   0.03%    passed     99.72%
  87  KU840306_2003_DELIM-WDPEIYJFLHRXBLEUDNXI_2003-05-26                   0.24%    passed     99.75%
  88  KJ469604_2009_DELIM-WDPEIYJFLHRXBLEUDNXI_2009                         0.03%    passed     99.94%
  89  KU840361_2010_DELIM-WDPEIYJFLHRXBLEUDNXI_2010-05-09                   0.03%    passed     99.43%
  90  KU840323_2014_DELIM-WDPEIYJFLHRXBLEUDNXI_2014-06-23                   0.03%    passed     99.71%
  91  KX029316_2012_DELIM-WDPEIYJFLHRXBLEUDNXI_2012-08-22                   0.03%    passed     99.95%
  92  KX029296_2012_DELIM-WDPEIYJFLHRXBLEUDNXI_2012-08-01                   0.03%    passed     99.93%
  93  KX029287_2012_DELIM-WDPEIYJFLHRXBLEUDNXI_2012-09-14                   0.03%    passed     99.93%
  94  KX029306_2012_DELIM-WDPEIYJFLHRXBLEUDNXI_2012-08-14                   0.03%    passed     99.95%
  95  KX029270_2012_DELIM-WDPEIYJFLHRXBLEUDNXI_2012-09-02                   0.03%    passed     99.91%
  96  KX029313_2010_DELIM-WDPEIYJFLHRXBLEUDNXI_2010-07-12                   0.03%    passed     99.97%
  97  KX029264_2010_DELIM-WDPEIYJFLHRXBLEUDNXI_2010-09-08                   0.03%    passed     99.97%
  98  KX029284_2010_DELIM-WDPEIYJFLHRXBLEUDNXI_2010-07-20                   0.03%    passed     99.98%
  99  KX029271_2010_DELIM-WDPEIYJFLHRXBLEUDNXI_2010-09-01                   0.03%    passed     99.97%
 100  KX029311_2010_DELIM-WDPEIYJFLHRXBLEUDNXI_2010-07-27                   0.03%    passed     99.94%
 101  KX029308_2010_DELIM-WDPEIYJFLHRXBLEUDNXI_2010-08-04                   0.03%    passed     99.96%
 102  KX029277_2010_DELIM-WDPEIYJFLHRXBLEUDNXI_2010-07-14                   0.03%    passed     99.96%
 103  KX029286_2009_DELIM-WDPEIYJFLHRXBLEUDNXI_2009-09-15                   0.03%    passed     99.96%
 104  KX029234_2008_DELIM-WDPEIYJFLHRXBLEUDNXI_2008-09-30                   0.03%    passed     99.96%
 105  KX029299_2008_DELIM-WDPEIYJFLHRXBLEUDNXI_2008-09-16                   0.03%    passed     99.96%
 106  KX029263_2008_DELIM-WDPEIYJFLHRXBLEUDNXI_2008-08-14                   0.03%    passed     99.95%
 107  KX029243_2009_DELIM-WDPEIYJFLHRXBLEUDNXI_2009-09-14                   0.03%    passed     99.98%
 108  KX029304_2011_DELIM-WDPEIYJFLHRXBLEUDNXI_2011-10-20                   0.03%    passed     99.96%
 109  KX029295_2012_DELIM-WDPEIYJFLHRXBLEUDNXI_2012-08-13                   0.03%    passed     99.94%
 110  KX029288_2012_DELIM-WDPEIYJFLHRXBLEUDNXI_2012-07-23                   0.03%    passed     99.96%
 111  KX029258_2012_DELIM-WDPEIYJFLHRXBLEUDNXI_2012-08-21                   0.03%    passed     99.96%
 112  KX029257_2011_DELIM-WDPEIYJFLHRXBLEUDNXI_2011-08-17                   0.03%    passed     99.96%
 113  KX029250_2012_DELIM-WDPEIYJFLHRXBLEUDNXI_2012-07-25                   0.03%    passed     99.96%
 114  KX029238_2012_DELIM-WDPEIYJFLHRXBLEUDNXI_2012-07-09                   0.03%    passed     99.96%
 115  KX029233_2012_DELIM-WDPEIYJFLHRXBLEUDNXI_2012-08-16                   0.03%    passed     99.96%
 116  KX029255_2011_DELIM-WDPEIYJFLHRXBLEUDNXI_2011-07-19                   0.03%    passed     99.96%
 117  KX029278_2008_DELIM-WDPEIYJFLHRXBLEUDNXI_2008-09-05                   0.03%    passed     99.98%
 118  KX029240_2010_DELIM-WDPEIYJFLHRXBLEUDNXI_2010-08-30                   0.03%    passed     99.93%
 119  KX029267_2011_DELIM-WDPEIYJFLHRXBLEUDNXI_2011-09-26                   0.03%    passed     99.92%
 120  KX029254_2011_DELIM-WDPEIYJFLHRXBLEUDNXI_2011-09-14                   0.03%    passed     99.95%
 121  KX029244_2012_DELIM-WDPEIYJFLHRXBLEUDNXI_2012-07-25                   0.03%    passed     99.96%
 122  KX029282_2009_DELIM-WDPEIYJFLHRXBLEUDNXI_2009-08-17                   0.03%    passed     99.97%
 123  KX000184_2014_DELIM-WDPEIYJFLHRXBLEUDNXI_2014-09-24                   0.03%    passed     99.83%
 124  KJ469649_2006_DELIM-WDPEIYJFLHRXBLEUDNXI_2006                         0.03%    passed     99.77%
 125  KU840357_2010_DELIM-WDPEIYJFLHRXBLEUDNXI_2010-07-11                   0.03%    passed     99.94%
 126  KU840372_2008_DELIM-WDPEIYJFLHRXBLEUDNXI_2008-10-03                   0.03%    passed     99.78%
 127  KU840344_2008_DELIM-WDPEIYJFLHRXBLEUDNXI_2008-07-21                   0.03%    passed     99.95%
 128  KX000197_2013_DELIM-WDPEIYJFLHRXBLEUDNXI_2013-08-07                   0.03%    passed     99.62%
 129  ARB19MS370212_S23_2019_DELIM-WDPEIYJFLHRXBLEUDNXI_2019-07-08          0.03%    passed     99.87%
 130  ARB19MS330484_S3_2019_DELIM-WDPEIYJFLHRXBLEUDNXI_2019-08-15           0.03%    passed     99.88%
 131  KX000225_2003_DELIM-WDPEIYJFLHRXBLEUDNXI_2003-09-24                   0.03%    passed     99.92%
 132  KX000153_2003_DELIM-WDPEIYJFLHRXBLEUDNXI_2003-09-24                   0.03%    passed     99.92%
 133  KU840371_2003_DELIM-WDPEIYJFLHRXBLEUDNXI_2003-06-18                   0.03%    passed     99.94%
 134  KU840337_2001_DELIM-WDPEIYJFLHRXBLEUDNXI_2001-12-23                   0.03%    passed     99.98%
 135  KU840330_2003_DELIM-WDPEIYJFLHRXBLEUDNXI_2003-04-25                   0.03%    passed     99.97%
 136  HM210098_2003_DELIM-WDPEIYJFLHRXBLEUDNXI_2003-04-02                   0.03%    passed     99.99%
 137  KU840365_1992_DELIM-WDPEIYJFLHRXBLEUDNXI_1992-06-10                   0.04%    passed     99.99%
 138  HM210093_1992_DELIM-WDPEIYJFLHRXBLEUDNXI_1992-06-10                   0.03%    passed     99.99%
 139  KU840353_1991_DELIM-WDPEIYJFLHRXBLEUDNXI_1991-09-19                   0.03%    passed     99.92%
 140  AY705241_1991_DELIM-WDPEIYJFLHRXBLEUDNXI_1991-06-01                   0.03%    passed     99.99%
 141  KU840318_1992_DELIM-WDPEIYJFLHRXBLEUDNXI_1992-06-25                   0.03%    passed     99.97%
 142  KJ469605_1992_DELIM-WDPEIYJFLHRXBLEUDNXI_1992                         0.03%    passed     99.97%
 143  KJ469644_2001_DELIM-WDPEIYJFLHRXBLEUDNXI_2001                         0.03%    passed     99.67%
 144  KJ469629_2001_DELIM-WDPEIYJFLHRXBLEUDNXI_2001                         0.03%    passed     99.73%
 145  KJ469607_1990_DELIM-WDPEIYJFLHRXBLEUDNXI_1990                         0.03%    passed     99.99%
 146  KJ469564_1988_DELIM-WDPEIYJFLHRXBLEUDNXI_1988                         0.03%    passed     99.98%
 147  HM210094_1992_DELIM-WDPEIYJFLHRXBLEUDNXI_1992-08-17                   0.03%    passed     99.99%
 148  KJ469612_1998_DELIM-WDPEIYJFLHRXBLEUDNXI_1998                         0.03%    passed     99.97%
 149  KJ469608_1998_DELIM-WDPEIYJFLHRXBLEUDNXI_1998                         0.03%    passed     99.95%
 150  KX000144_2003_DELIM-WDPEIYJFLHRXBLEUDNXI_2003-09-29                   0.03%    passed     99.98%
 151  KJ469633_2000_DELIM-WDPEIYJFLHRXBLEUDNXI_2000                         0.03%    passed     99.99%
 152  KJ469570_2001_DELIM-WDPEIYJFLHRXBLEUDNXI_2001                         0.03%    passed     99.94%
 153  KU840379_2002_DELIM-WDPEIYJFLHRXBLEUDNXI_2002-11-01                   0.03%    passed     99.30%
 154  KJ469592_2002_DELIM-WDPEIYJFLHRXBLEUDNXI_2002                         0.03%    passed     99.30%
 155  KJ469560_2001_DELIM-WDPEIYJFLHRXBLEUDNXI_2001                         0.03%    passed     99.45%
 156  KU840314_2003_DELIM-WDPEIYJFLHRXBLEUDNXI_2003-07-14                   0.03%    passed     99.70%
 157  KU840373_2001_DELIM-WDPEIYJFLHRXBLEUDNXI_2001-07-12                   0.03%    passed     99.99%
 158  KU840336_2008_DELIM-WDPEIYJFLHRXBLEUDNXI_2008-04-21                   0.03%    passed     99.99%
 159  KU840321_2009_DELIM-WDPEIYJFLHRXBLEUDNXI_2009-06-23                   0.03%    passed     99.99%
 160  KU840299_2008_DELIM-WDPEIYJFLHRXBLEUDNXI_2008-05-06                   0.03%    passed     99.96%
 161  KU840322_2002_DELIM-WDPEIYJFLHRXBLEUDNXI_2002-05-15                   0.03%    passed     99.98%
 162  KU840293_2005_DELIM-WDPEIYJFLHRXBLEUDNXI_2005-05-22                   0.03%    passed     99.99%
 163  KU840346_2001_DELIM-WDPEIYJFLHRXBLEUDNXI_2001-07-24                   0.03%    passed     99.99%
 164  KJ469621_2003_DELIM-WDPEIYJFLHRXBLEUDNXI_2003                         0.03%    passed     99.98%
 165  KU840308_2005_DELIM-WDPEIYJFLHRXBLEUDNXI_2005-06-28                   0.03%    passed     99.95%
 166  KU840343_2002_DELIM-WDPEIYJFLHRXBLEUDNXI_2002-11-07                   0.03%    passed     99.93%
 167  KU840377_2004_DELIM-WDPEIYJFLHRXBLEUDNXI_2004-12-11                   0.03%    passed     99.99%
 168  KU840370_2002_DELIM-WDPEIYJFLHRXBLEUDNXI_2002-07-23                   0.03%    passed     99.99%
 169  KU840334_2010_DELIM-WDPEIYJFLHRXBLEUDNXI_2010-08-25                   0.03%    passed     99.98%
 170  15347-19_S82_2019_DELIM-WDPEIYJFLHRXBLEUDNXI_2019-10-10               0.03%    passed     99.95%
 171  10838-19_S61_2019_DELIM-WDPEIYJFLHRXBLEUDNXI_2019-08-21               0.03%    passed     99.95%
 172  12606-19_S70_2019_DELIM-WDPEIYJFLHRXBLEUDNXI_2019-09-04               0.03%    passed     99.97%
 173  12388-19_S69_2019_DELIM-WDPEIYJFLHRXBLEUDNXI_2019-09-03               0.03%    passed     99.93%
 174  10579-19_S60_2019_DELIM-WDPEIYJFLHRXBLEUDNXI_2019-08-20               0.03%    passed     99.97%
 175  8117-19_S54_2019_DELIM-WDPEIYJFLHRXBLEUDNXI_2019-07-31                0.03%    passed     99.97%
 176  13289-19_S72_2019_DELIM-WDPEIYJFLHRXBLEUDNXI_2019-09-11               0.04%    passed     99.97%
 177  11854-19_S67_2019_DELIM-WDPEIYJFLHRXBLEUDNXI_2019-08-28               0.03%    passed     99.44%
 178  10898-19_S62_2019_DELIM-WDPEIYJFLHRXBLEUDNXI_2019-08-21               0.03%    passed     99.44%
 179  11548-19_S65_2019_DELIM-WDPEIYJFLHRXBLEUDNXI_2019-08-27               0.03%    passed     99.55%
 180  KU840295_2003_DELIM-WDPEIYJFLHRXBLEUDNXI_2003-08-22                   0.03%    passed     99.96%
 181  KX000145_2003_DELIM-WDPEIYJFLHRXBLEUDNXI_2003-10-02                   0.03%    passed     99.82%
 182  KU840316_2001_DELIM-WDPEIYJFLHRXBLEUDNXI_2001-10-17                   0.03%    passed     99.97%
 183  KJ469572_2001_DELIM-WDPEIYJFLHRXBLEUDNXI_2001                         0.03%    passed     99.97%
 184  KU840310_2001_DELIM-WDPEIYJFLHRXBLEUDNXI_2001-08-15                   0.03%    passed     99.99%
 185  KX000163_2003_DELIM-WDPEIYJFLHRXBLEUDNXI_2003-09-24                   0.03%    passed     99.98%
 186  KX000079_2003_DELIM-WDPEIYJFLHRXBLEUDNXI_2003-09-24                   0.03%    passed    100.00%
 187  KX000169_2002_DELIM-WDPEIYJFLHRXBLEUDNXI_2002-10-07                   0.03%    passed     99.98%
 188  KU840329_2003_DELIM-WDPEIYJFLHRXBLEUDNXI_2003-04-01                   0.03%    passed    100.00%
 189  KU840356_2003_DELIM-WDPEIYJFLHRXBLEUDNXI_2003-06-10                   0.03%    passed     99.99%
 190  KJ469594_2003_DELIM-WDPEIYJFLHRXBLEUDNXI_2003                         0.03%    passed     99.99%
 191  KU840367_2002_DELIM-WDPEIYJFLHRXBLEUDNXI_2002-10-30                   0.03%    passed     99.19%
 192  KJ469585_2002_DELIM-WDPEIYJFLHRXBLEUDNXI_2002                         0.03%    passed     99.07%
 193  KU840366_2001_DELIM-WDPEIYJFLHRXBLEUDNXI_2001-08-13                   0.03%    passed     99.50%
 194  KX029318_2012_DELIM-WDPEIYJFLHRXBLEUDNXI_2005-08-17                   0.03%    passed     99.89%
 195  KX029292_2006_DELIM-WDPEIYJFLHRXBLEUDNXI_2006-07-31                   0.03%    passed     99.82%
 196  KX029259_2004_DELIM-WDPEIYJFLHRXBLEUDNXI_2004-08-04                   0.03%    passed     99.82%
 197  KX029246_2004_DELIM-WDPEIYJFLHRXBLEUDNXI_2004-07-28                   0.03%    passed     99.82%
 198  KX029261_2005_DELIM-WDPEIYJFLHRXBLEUDNXI_2005-07-25                   0.03%    passed     99.80%
 199  KX029280_2005_DELIM-WDPEIYJFLHRXBLEUDNXI_2005-09-05                   0.03%    passed     99.82%
 200  KX029272_2004_DELIM-WDPEIYJFLHRXBLEUDNXI_2004-08-18                   0.03%    passed     99.89%
 201  KX029310_2006_DELIM-WDPEIYJFLHRXBLEUDNXI_2006-08-14                   0.03%    passed     99.90%
 202  KX029231_2006_DELIM-WDPEIYJFLHRXBLEUDNXI_2006-08-02                   0.03%    passed     99.93%
 203  KX029251_2005_DELIM-WDPEIYJFLHRXBLEUDNXI_2005-08-08                   0.03%    passed     99.86%
 204  KX029305_2006_DELIM-WDPEIYJFLHRXBLEUDNXI_2006-08-14                   0.03%    passed     99.93%
 205  KX029249_2004_DELIM-WDPEIYJFLHRXBLEUDNXI_2004-08-18                   0.03%    passed     99.93%
 206  KX029314_2007_DELIM-WDPEIYJFLHRXBLEUDNXI_2007-08-13                   0.03%    passed     99.91%
 207  KX029300_2007_DELIM-WDPEIYJFLHRXBLEUDNXI_2007-09-26                   0.03%    passed     99.90%
 208  KX029241_2007_DELIM-WDPEIYJFLHRXBLEUDNXI_2007-10-05                   0.03%    passed     99.84%
 209  KX029237_2006_DELIM-WDPEIYJFLHRXBLEUDNXI_2006-08-02                   0.03%    passed     99.64%
 210  KX029315_2005_DELIM-WDPEIYJFLHRXBLEUDNXI_2005-09-27                   0.03%    passed     99.88%
 211  KX029253_2006_DELIM-WDPEIYJFLHRXBLEUDNXI_2006-10-02                   0.03%    passed     99.90%
 212  KX029247_2006_DELIM-WDPEIYJFLHRXBLEUDNXI_2006-08-11                   0.03%    passed     99.93%
 213  KX029276_2006_DELIM-WDPEIYJFLHRXBLEUDNXI_2006-07-17                   0.03%    passed     99.91%
 214  KX029262_2006_DELIM-WDPEIYJFLHRXBLEUDNXI_2006-07-26                   0.03%    passed     99.94%
 215  KX029265_2004_DELIM-WDPEIYJFLHRXBLEUDNXI_2004-09-24                   0.03%    passed     99.86%
 216  KX000229_2006_DELIM-WDPEIYJFLHRXBLEUDNXI_2006-08-24                   0.03%    passed     99.87%
 217  KX000190_2006_DELIM-WDPEIYJFLHRXBLEUDNXI_2006-09-13                   0.03%    passed     99.89%
 218  KX000147_2006_DELIM-WDPEIYJFLHRXBLEUDNXI_2006-08-08                   0.03%    passed     99.89%
 219  KX000112_2006_DELIM-WDPEIYJFLHRXBLEUDNXI_2006-08-17                   0.03%    passed     99.89%
 220  KX000188_2006_DELIM-WDPEIYJFLHRXBLEUDNXI_2006-07-26                   0.03%    passed     99.93%
 221  KX000176_2006_DELIM-WDPEIYJFLHRXBLEUDNXI_2006-09-11                   0.03%    passed     99.90%
 222  KX000097_2006_DELIM-WDPEIYJFLHRXBLEUDNXI_2006-09-14                   0.03%    passed     99.93%
 223  KX000068_2006_DELIM-WDPEIYJFLHRXBLEUDNXI_2006-08-03                   0.03%    passed     99.87%
 224  KX000057_2006_DELIM-WDPEIYJFLHRXBLEUDNXI_2006-07-26                   0.03%    passed     99.90%
 225  KX000150_2006_DELIM-WDPEIYJFLHRXBLEUDNXI_2006-08-16                   0.03%    passed     99.84%
 226  KX000087_2007_DELIM-WDPEIYJFLHRXBLEUDNXI_2007-07-26                   0.03%    passed     99.94%
 227  KX000081_2006_DELIM-WDPEIYJFLHRXBLEUDNXI_2006-09-21                   0.03%    passed     99.90%
 228  KX000187_2006_DELIM-WDPEIYJFLHRXBLEUDNXI_2006-08-15                   0.03%    passed     99.92%
 229  KX000088_2006_DELIM-WDPEIYJFLHRXBLEUDNXI_2006-08-28                   0.03%    passed     99.98%
 230  KX000186_2006_DELIM-WDPEIYJFLHRXBLEUDNXI_2006-08-10                   0.03%    passed     99.91%
 231  KX000055_2006_DELIM-WDPEIYJFLHRXBLEUDNXI_2006-09-27                   0.03%    passed     99.95%
 232  KX000214_2004_DELIM-WDPEIYJFLHRXBLEUDNXI_2004-09-09                   0.03%    passed     99.94%
 233  KX000203_2004_DELIM-WDPEIYJFLHRXBLEUDNXI_2004-07-30                   0.03%    passed     99.94%
 234  KX000193_2003_DELIM-WDPEIYJFLHRXBLEUDNXI_2003-09-16                   0.03%    passed     99.94%
 235  KX000061_2004_DELIM-WDPEIYJFLHRXBLEUDNXI_2004-08-17                   0.03%    passed     99.92%
 236  KX000098_2005_DELIM-WDPEIYJFLHRXBLEUDNXI_2005-07-19                   0.03%    passed     99.89%
 237  KX000052_2005_DELIM-WDPEIYJFLHRXBLEUDNXI_2005-08-18                   0.03%    passed     99.90%
 238  KX000199_2005_DELIM-WDPEIYJFLHRXBLEUDNXI_2005-08-21                   0.03%    passed     99.89%
 239  KX000170_2005_DELIM-WDPEIYJFLHRXBLEUDNXI_2005-07-19                   0.03%    passed     99.89%
 240  KX000104_2006_DELIM-WDPEIYJFLHRXBLEUDNXI_2006-09-19                   0.03%    passed     99.90%
 241  KX000077_2005_DELIM-WDPEIYJFLHRXBLEUDNXI_2005-09-24                   0.03%    passed     99.93%
 242  KJ469643_2005_DELIM-WDPEIYJFLHRXBLEUDNXI_2005                         0.03%    passed     99.83%
 243  KX000119_2003_DELIM-WDPEIYJFLHRXBLEUDNXI_2003-09-25                   0.03%    passed     99.96%
 244  KX000207_2006_DELIM-WDPEIYJFLHRXBLEUDNXI_2006-09-19                   0.03%    passed     99.96%
 245  KX000141_2004_DELIM-WDPEIYJFLHRXBLEUDNXI_2004-09-14                   0.03%    passed     99.93%
 246  KX000198_2006_DELIM-WDPEIYJFLHRXBLEUDNXI_2006-09-15                   0.03%    passed     99.84%
 247  KX000132_2006_DELIM-WDPEIYJFLHRXBLEUDNXI_2006-09-12                   0.03%    passed     99.94%
 248  KX000130_2004_DELIM-WDPEIYJFLHRXBLEUDNXI_2004-09-24                   0.03%    passed     99.88%
 249  KX000124_2004_DELIM-WDPEIYJFLHRXBLEUDNXI_2004-10-10                   0.03%    passed     99.93%
 250  KX000192_2004_DELIM-WDPEIYJFLHRXBLEUDNXI_2004-08-20                   0.03%    passed     99.89%
 251  KX000152_2004_DELIM-WDPEIYJFLHRXBLEUDNXI_2004-09-21                   0.03%    passed     99.84%
 252  KX000100_2004_DELIM-WDPEIYJFLHRXBLEUDNXI_2004-08-19                   0.03%    passed     99.80%
 253  KX000136_2005_DELIM-WDPEIYJFLHRXBLEUDNXI_2005-08-19                   0.03%    passed     99.91%
 254  KX000165_2005_DELIM-WDPEIYJFLHRXBLEUDNXI_2005-09-28                   0.03%    passed     99.99%
 255  KX000085_2006_DELIM-WDPEIYJFLHRXBLEUDNXI_2006-09-11                   2.77%    passed     99.24%
 256  KX000215_2007_DELIM-WDPEIYJFLHRXBLEUDNXI_2007-07-11                   0.03%    passed     99.83%
 257  KX000196_2007_DELIM-WDPEIYJFLHRXBLEUDNXI_2007-07-25                   0.03%    passed     99.83%
 258  KX000185_2007_DELIM-WDPEIYJFLHRXBLEUDNXI_2007-06-25                   0.03%    passed     99.83%
 259  KX000171_2007_DELIM-WDPEIYJFLHRXBLEUDNXI_2007-07-11                   0.03%    passed     99.83%
 260  KX000156_2007_DELIM-WDPEIYJFLHRXBLEUDNXI_2007-07-16                   0.03%    passed     99.83%
 261  KX000115_2007_DELIM-WDPEIYJFLHRXBLEUDNXI_2007-07-09                   0.03%    passed     99.83%
 262  KX000106_2007_DELIM-WDPEIYJFLHRXBLEUDNXI_2007-07-18                   0.03%    passed     99.83%
 263  KX000175_2006_DELIM-WDPEIYJFLHRXBLEUDNXI_2006-08-03                   0.69%    passed     99.86%
 264  KU840364_2005_DELIM-WDPEIYJFLHRXBLEUDNXI_2005-05-19                   0.03%    passed     99.90%
 265  KU840349_2002_DELIM-WDPEIYJFLHRXBLEUDNXI_2002-11-19                   0.03%    passed     99.98%
 266  KX000101_2002_DELIM-WDPEIYJFLHRXBLEUDNXI_2002-10-16                   0.05%    passed     99.92%
 267  SL19-1569_S35_2019_DELIM-WDPEIYJFLHRXBLEUDNXI_2019-08-29              0.03%    passed     99.80%
 268  SL19-1516_S33_2019_DELIM-WDPEIYJFLHRXBLEUDNXI_2019-08-25              0.03%    passed     99.88%
 269  19350-18_S53_2018_DELIM-WDPEIYJFLHRXBLEUDNXI_2018-10-09               0.03%    passed     99.94%
 270  17667-18_S50_2018_DELIM-WDPEIYJFLHRXBLEUDNXI_2018-09-19               0.03%    passed     99.97%
 271  18341-18_S51_2018_DELIM-WDPEIYJFLHRXBLEUDNXI_2018-09-26               0.03%    passed     99.89%
 272  13966-17_S46_2017_DELIM-WDPEIYJFLHRXBLEUDNXI_2017-10-05               0.03%    passed     99.94%
 273  18694-18_S52_2018_DELIM-WDPEIYJFLHRXBLEUDNXI_2018-10-01               0.03%    passed     99.94%
 274  14098-17_S47_2017_DELIM-WDPEIYJFLHRXBLEUDNXI_2017-10-11               0.03%    passed     99.98%
 275  KX029269_2013_DELIM-WDPEIYJFLHRXBLEUDNXI_2013-09-12                   0.03%    passed     99.92%
 276  ARB17MS510915_S16_2017_DELIM-WDPEIYJFLHRXBLEUDNXI_2017-08-16          0.03%    passed     99.79%
 277  KU840359_2009_DELIM-WDPEIYJFLHRXBLEUDNXI_2009-06-05                   0.03%    passed     99.97%
 278  KU840339_2013_DELIM-WDPEIYJFLHRXBLEUDNXI_2013-04-08                   0.03%    passed     99.95%
 279  KU840298_2013_DELIM-WDPEIYJFLHRXBLEUDNXI_2013-04-08                   0.03%    passed     99.95%
 280  KU840292_2013_DELIM-WDPEIYJFLHRXBLEUDNXI_2013-01-08                   0.03%    passed     99.99%
 281  SL19-1219_S41_2019_DELIM-WDPEIYJFLHRXBLEUDNXI_2019-08-07              0.03%    passed    100.00%
 282  NM19-0698_S39_2019_DELIM-WDPEIYJFLHRXBLEUDNXI_2019-09-23              0.03%    passed    100.00%
 283  SL18-1166_S27_2018_DELIM-WDPEIYJFLHRXBLEUDNXI_2018-09-17              0.03%    passed     99.84%
 284  9180-19_S55_2019_DELIM-WDPEIYJFLHRXBLEUDNXI_2019-08-08                0.03%    passed     99.92%
 285  ARB18MS350318_S22_2018_DELIM-WDPEIYJFLHRXBLEUDNXI_2018-09-20          0.03%    passed     99.92%
 286  14759-19_S80_2019_DELIM-WDPEIYJFLHRXBLEUDNXI_2019-09-30               0.03%    passed     99.99%
 287  10229-19-19_S57_2019_DELIM-WDPEIYJFLHRXBLEUDNXI_2019-08-19            0.03%    passed     99.99%
 288  12004-19_S68_2019_DELIM-WDPEIYJFLHRXBLEUDNXI_2019-08-29               0.03%    passed     99.99%
 289  14275-19_S74_2019_DELIM-WDPEIYJFLHRXBLEUDNXI_2019-09-23               0.03%    passed     99.99%
 290  19VX2817_S42_2019_DELIM-WDPEIYJFLHRXBLEUDNXI_2019-08-28               0.03%    passed     99.97%
 291  CM19-2280_S38_2019_DELIM-WDPEIYJFLHRXBLEUDNXI_2019-09-24              0.03%    passed    100.00%
 292  KU840327_2010_DELIM-WDPEIYJFLHRXBLEUDNXI_2010-08-31                   0.03%    passed     99.99%
 293  11309-19_S63_2019_DELIM-WDPEIYJFLHRXBLEUDNXI_2019-08-26               0.03%    passed     99.85%
 294  KX000222_2005_DELIM-WDPEIYJFLHRXBLEUDNXI_2005-07-27                   0.03%    passed     99.79%
 295  KJ659366_2007_DELIM-WDPEIYJFLHRXBLEUDNXI_2007                         0.03%    passed     99.67%
 296  KU840303_2005_DELIM-WDPEIYJFLHRXBLEUDNXI_2005-07-18                   0.03%    passed     99.92%
 297  HM210095_2008_DELIM-WDPEIYJFLHRXBLEUDNXI_2008-02-13                   0.03%    passed     99.92%
 298  KX000179_2009_DELIM-WDPEIYJFLHRXBLEUDNXI_2009-09-29                   0.03%    passed     99.99%
 299  SL19-1332_S31_2019_DELIM-WDPEIYJFLHRXBLEUDNXI_2019-08-13              0.03%    passed     99.98%
 300  SL19-1319_S32_2019_DELIM-WDPEIYJFLHRXBLEUDNXI_2019-08-13              0.03%    passed     99.96%
 301  CC19-0533_S36_2019_DELIM-WDPEIYJFLHRXBLEUDNXI_2019-09-10              0.03%    passed     99.98%
 302  SL19-0643_S40_2019_DELIM-WDPEIYJFLHRXBLEUDNXI_2019-07-22              0.03%    passed     99.98%
 303  CC19-0548_S37_2019_DELIM-WDPEIYJFLHRXBLEUDNXI_2019-09-12              0.03%    passed     99.99%
 304  SL19-0635_S29_2019_DELIM-WDPEIYJFLHRXBLEUDNXI_2019-07-22              0.03%    passed     99.96%
 305  SL18-1204_S28_2018_DELIM-WDPEIYJFLHRXBLEUDNXI_2018-09-26              0.03%    passed     99.63%
 306  13866-19_S73_2019_DELIM-WDPEIYJFLHRXBLEUDNXI_2019-09-17               0.03%    passed     99.56%
 307  18VX3174_S43_2018_DELIM-WDPEIYJFLHRXBLEUDNXI_2018-11-01               0.03%    passed     99.68%
 308  18VX2715_S44_2018_DELIM-WDPEIYJFLHRXBLEUDNXI_2018-09-19               0.03%    passed     99.80%
 309  ARB15MS330683_S8_2015_DELIM-WDPEIYJFLHRXBLEUDNXI_2015-09-01           0.03%    passed     99.88%
 310  RAB19ANI05450_S3_2019_DELIM-WDPEIYJFLHRXBLEUDNXI_2019-08-27           0.03%    passed     99.79%
 311  KU840338_2014_DELIM-WDPEIYJFLHRXBLEUDNXI_2014-06-21                   0.03%    passed     99.71%
 312  KU840313_2010_DELIM-WDPEIYJFLHRXBLEUDNXI_2010-06-15                   0.03%    passed     99.86%
 313  14661-19_S79_2019_DELIM-WDPEIYJFLHRXBLEUDNXI_2019-09-26               0.03%    passed     99.89%
 314  10084-19_S56_2019_DELIM-WDPEIYJFLHRXBLEUDNXI_2019-08-15               0.03%    passed     99.89%
 315  KU840341_2013_DELIM-WDPEIYJFLHRXBLEUDNXI_2013-12-12                   0.03%    passed     99.84%
 316  KU840352_2013_DELIM-WDPEIYJFLHRXBLEUDNXI_2013-05-26                   0.03%    passed     99.97%
 317  RAB19ANI04511_S25_2019_DELIM-WDPEIYJFLHRXBLEUDNXI_2019-08-13          0.03%    passed     99.94%
 318  ARB17MS370250_S26_2017_DELIM-WDPEIYJFLHRXBLEUDNXI_2017-07-26          0.03%    passed     99.93%
 319  ARB17MS330746_S18_2017_DELIM-WDPEIYJFLHRXBLEUDNXI_2017-09-26          0.03%    passed     99.93%
 320  ARB17MS260236_S17_2017_DELIM-WDPEIYJFLHRXBLEUDNXI_2017-09-19          0.03%    passed     99.94%
 321  16370365_S13_2016_DELIM-WDPEIYJFLHRXBLEUDNXI_2016-08-17               0.03%    passed     99.94%
 322  ARB18MS330453_S21_2018_DELIM-WDPEIYJFLHRXBLEUDNXI_2018-08-07          0.03%    passed     99.91%
 323  ARB18MS330394_S19_2018_DELIM-WDPEIYJFLHRXBLEUDNXI_2018-07-31          0.03%    passed     99.91%
 324  ARB18MS370301_S20_2018_DELIM-WDPEIYJFLHRXBLEUDNXI_2018-07-30          0.03%    passed     99.92%
 325  KX029242_2013_DELIM-WDPEIYJFLHRXBLEUDNXI_2013-08-19                   0.03%    passed     99.95%
 326  KX029239_2013_DELIM-WDPEIYJFLHRXBLEUDNXI_2013-08-21                   0.03%    passed     99.93%
 327  KX029309_2004_DELIM-WDPEIYJFLHRXBLEUDNXI_2004-10-01                   0.03%    passed     99.97%
 328  KX029289_2006_DELIM-WDPEIYJFLHRXBLEUDNXI_2006-08-09                   0.03%    passed     99.97%
 329  KP282670_2005_DELIM-WDPEIYJFLHRXBLEUDNXI_2005                         0.03%    passed     99.97%
 330  KJ469556_2005_DELIM-WDPEIYJFLHRXBLEUDNXI_2005                         0.03%    passed     99.99%
 331  KX029303_2005_DELIM-WDPEIYJFLHRXBLEUDNXI_2005-08-24                   0.03%    passed     99.97%
 332  KX029252_2007_DELIM-WDPEIYJFLHRXBLEUDNXI_2007-07-04                   0.03%    passed     99.97%
 333  KX029297_2006_DELIM-WDPEIYJFLHRXBLEUDNXI_2006-09-20                   0.03%    passed     99.99%
 334  KX029266_2006_DELIM-WDPEIYJFLHRXBLEUDNXI_2006-09-13                   0.03%    passed     99.99%
 335  KJ469631_2005_DELIM-WDPEIYJFLHRXBLEUDNXI_2005                         0.03%    passed     99.99%
 336  KU840362_2005_DELIM-WDPEIYJFLHRXBLEUDNXI_2005-07-01                   0.03%    passed     99.94%
 337  KU840358_2003_DELIM-WDPEIYJFLHRXBLEUDNXI_2003-05-19                   0.03%    passed     99.98%
 338  KU840340_2003_DELIM-WDPEIYJFLHRXBLEUDNXI_2003-06-26                   0.03%    passed     99.99%
 339  KU840333_2008_DELIM-WDPEIYJFLHRXBLEUDNXI_2008-02-13                   0.03%    passed     99.86%
 340  KU840326_2004_DELIM-WDPEIYJFLHRXBLEUDNXI_2004-06-15                   0.03%    passed     99.99%
 341  KX000231_2010_DELIM-WDPEIYJFLHRXBLEUDNXI_2010-08-31                   0.03%    passed     99.94%
 342  KX000168_2009_DELIM-WDPEIYJFLHRXBLEUDNXI_2009-07-29                   0.03%    passed     99.94%
 343  KX000164_2009_DELIM-WDPEIYJFLHRXBLEUDNXI_2009-09-03                   0.03%    passed     99.94%
 344  KX000080_2010_DELIM-WDPEIYJFLHRXBLEUDNXI_2010-08-24                   0.03%    passed     99.94%
 345  KX000074_2009_DELIM-WDPEIYJFLHRXBLEUDNXI_2009-08-27                   0.03%    passed     99.94%
 346  KX000054_2010_DELIM-WDPEIYJFLHRXBLEUDNXI_2010-08-19                   0.03%    passed     99.94%
 347  KX000048_2010_DELIM-WDPEIYJFLHRXBLEUDNXI_2010-06-30                   0.03%    passed     99.94%
 348  KX000227_2009_DELIM-WDPEIYJFLHRXBLEUDNXI_2009-08-13                   0.03%    passed     99.97%
 349  KX000211_2009_DELIM-WDPEIYJFLHRXBLEUDNXI_2009-09-22                   0.03%    passed     99.89%
 350  KX000195_2011_DELIM-WDPEIYJFLHRXBLEUDNXI_2011-08-22                   0.03%    passed     99.94%
 351  KX000140_2010_DELIM-WDPEIYJFLHRXBLEUDNXI_2010-08-20                   0.03%    passed     99.94%
 352  KX000183_2009_DELIM-WDPEIYJFLHRXBLEUDNXI_2009-09-14                   0.03%    passed     99.89%
 353  KX000127_2010_DELIM-WDPEIYJFLHRXBLEUDNXI_2010-08-24                   0.03%    passed     99.93%
 354  KX000063_2009_DELIM-WDPEIYJFLHRXBLEUDNXI_2009-08-26                   0.03%    passed     99.89%
 355  KX000056_2010_DELIM-WDPEIYJFLHRXBLEUDNXI_2010-08-19                   0.03%    passed     99.94%
 356  KX000221_2011_DELIM-WDPEIYJFLHRXBLEUDNXI_2011-07-21                   0.03%    passed     99.97%
 357  KX000058_2011_DELIM-WDPEIYJFLHRXBLEUDNXI_2011-08-17                   0.03%    passed     99.97%
 358  KX000219_2010_DELIM-WDPEIYJFLHRXBLEUDNXI_2010-08-31                   0.03%    passed     99.94%
 359  KX000129_2011_DELIM-WDPEIYJFLHRXBLEUDNXI_2011-08-17                   0.03%    passed     99.94%
 360  KX000174_2011_DELIM-WDPEIYJFLHRXBLEUDNXI_2011-08-09                   0.03%    passed     99.97%
 361  KX000094_2011_DELIM-WDPEIYJFLHRXBLEUDNXI_2011-09-12                   0.03%    passed     99.92%
 362  KX000224_2011_DELIM-WDPEIYJFLHRXBLEUDNXI_2011-08-20                   0.03%    passed     99.96%
 363  KX000191_2010_DELIM-WDPEIYJFLHRXBLEUDNXI_2010-09-23                   0.03%    passed     99.93%
 364  KX000189_2010_DELIM-WDPEIYJFLHRXBLEUDNXI_2010-09-08                   0.03%    passed     99.94%
 365  KX000172_2010_DELIM-WDPEIYJFLHRXBLEUDNXI_2010-09-02                   0.03%    passed     99.83%
 366  KX000070_2008_DELIM-WDPEIYJFLHRXBLEUDNXI_2008-09-16                   0.03%    passed     99.94%
 367  KX000181_2014_DELIM-WDPEIYJFLHRXBLEUDNXI_2014-08-06                   0.03%    passed     99.95%
 368  KX000226_2009_DELIM-WDPEIYJFLHRXBLEUDNXI_2009-08-06                   0.03%    passed     99.94%
 369  KX000217_2009_DELIM-WDPEIYJFLHRXBLEUDNXI_2009-07-28                   0.03%    passed     99.94%
 370  KX000216_2006_DELIM-WDPEIYJFLHRXBLEUDNXI_2006-08-03                   0.03%    passed     99.94%
 371  KX000177_2009_DELIM-WDPEIYJFLHRXBLEUDNXI_2009-08-13                   0.03%    passed     99.94%
 372  KX000067_2009_DELIM-WDPEIYJFLHRXBLEUDNXI_2009-07-23                   0.03%    passed     99.94%
 373  KX000202_2009_DELIM-WDPEIYJFLHRXBLEUDNXI_2009-09-03                   0.03%    passed     99.94%
 374  KX000151_2009_DELIM-WDPEIYJFLHRXBLEUDNXI_2009-08-13                   0.03%    passed     99.97%
 375  KX000213_2008_DELIM-WDPEIYJFLHRXBLEUDNXI_2008-08-26                   0.03%    passed     99.94%
 376  KX000180_2008_DELIM-WDPEIYJFLHRXBLEUDNXI_2008-09-18                   0.03%    passed     99.93%
 377  KX000173_2008_DELIM-WDPEIYJFLHRXBLEUDNXI_2008-08-27                   0.03%    passed     99.94%
 378  KX000125_2008_DELIM-WDPEIYJFLHRXBLEUDNXI_2008-08-18                   0.03%    passed     99.94%
 379  KX000105_2008_DELIM-WDPEIYJFLHRXBLEUDNXI_2008-10-02                   0.03%    passed     99.95%
 380  KX000128_2009_DELIM-WDPEIYJFLHRXBLEUDNXI_2009-08-27                   0.03%    passed     99.98%
 381  KX000107_2009_DELIM-WDPEIYJFLHRXBLEUDNXI_2009-09-08                   0.03%    passed     99.97%
 382  KX000159_2008_DELIM-WDPEIYJFLHRXBLEUDNXI_2008-08-28                   0.03%    passed     99.83%
 383  KX000117_2008_DELIM-WDPEIYJFLHRXBLEUDNXI_2008-08-28                   0.03%    passed     99.83%
 384  KX000131_2008_DELIM-WDPEIYJFLHRXBLEUDNXI_2008-09-30                   0.03%    passed     99.96%
 385  KX000208_2010_DELIM-WDPEIYJFLHRXBLEUDNXI_2010-09-08                   0.03%    passed     99.89%
 386  KX000059_2009_DELIM-WDPEIYJFLHRXBLEUDNXI_2009-08-18                   0.03%    passed     99.99%
 387  KX000090_2010_DELIM-WDPEIYJFLHRXBLEUDNXI_2010-09-09                   0.03%    passed     99.98%
 388  KX000209_2011_DELIM-WDPEIYJFLHRXBLEUDNXI_2011-09-07                   0.03%    passed     99.81%
 389  KX000134_2011_DELIM-WDPEIYJFLHRXBLEUDNXI_2011-08-18                   0.03%    passed     99.79%
 390  KX000096_2011_DELIM-WDPEIYJFLHRXBLEUDNXI_2011-09-27                   0.03%    passed     99.89%
 391  KX000210_2010_DELIM-WDPEIYJFLHRXBLEUDNXI_2010-09-29                   0.03%    passed     99.99%
 392  KX000220_2011_DELIM-WDPEIYJFLHRXBLEUDNXI_2011-08-24                   0.03%    passed     99.87%
 393  KX000200_2011_DELIM-WDPEIYJFLHRXBLEUDNXI_2011-08-18                   0.03%    passed     99.92%
 394  KX000161_2011_DELIM-WDPEIYJFLHRXBLEUDNXI_2011-07-18                   0.03%    passed     99.92%
 395  KX000110_2011_DELIM-WDPEIYJFLHRXBLEUDNXI_2011-08-10                   0.03%    passed     99.92%
 396  KX000166_2011_DELIM-WDPEIYJFLHRXBLEUDNXI_2011-08-16                   0.03%    passed     99.83%
 397  KX000154_2011_DELIM-WDPEIYJFLHRXBLEUDNXI_2011-08-03                   0.04%    passed     99.87%
 398  KX000205_2010_DELIM-WDPEIYJFLHRXBLEUDNXI_2010-08-12                   0.03%    passed     99.96%
 399  KX000201_2012_DELIM-WDPEIYJFLHRXBLEUDNXI_2012-08-29                   0.03%    passed     99.95%
 400  KX000138_2011_DELIM-WDPEIYJFLHRXBLEUDNXI_2011-07-27                   0.03%    passed     99.98%
 401  KX000049_2011_DELIM-WDPEIYJFLHRXBLEUDNXI_2011-07-27                   0.03%    passed     99.99%
 402  KX000062_2011_DELIM-WDPEIYJFLHRXBLEUDNXI_2011-08-25                   0.03%    passed     99.93%
 403  KX000158_2011_DELIM-WDPEIYJFLHRXBLEUDNXI_2011-08-11                   0.05%    passed     99.90%
 404  KX000228_2010_DELIM-WDPEIYJFLHRXBLEUDNXI_2010-08-30                   0.03%    passed     99.91%
 405  KX000064_2009_DELIM-WDPEIYJFLHRXBLEUDNXI_2009-09-25                   0.03%    passed     99.99%
 406  KX000086_2002_DELIM-WDPEIYJFLHRXBLEUDNXI_2002-10-11                   0.03%    passed     99.93%
 407  KU840342_2001_DELIM-WDPEIYJFLHRXBLEUDNXI_2001-06-28                   0.03%    passed     99.89%
 408  KU840317_2001_DELIM-WDPEIYJFLHRXBLEUDNXI_2001-11-21                   0.03%    passed     99.95%
 409  KJ469597_2001_DELIM-WDPEIYJFLHRXBLEUDNXI_2001                         0.03%    passed     99.95%
 410  KX000204_2007_DELIM-WDPEIYJFLHRXBLEUDNXI_2007-04-26                   0.03%    passed     99.92%
 411  KX000162_2009_DELIM-WDPEIYJFLHRXBLEUDNXI_2009-09-22                   0.03%    passed     99.75%
 412  KU840345_2007_DELIM-WDPEIYJFLHRXBLEUDNXI_2007-12-18                   0.03%    passed     99.98%
 413  KJ469613_2003_DELIM-WDPEIYJFLHRXBLEUDNXI_2003                         0.03%    passed     99.97%
 414  KJ469606_2004_DELIM-WDPEIYJFLHRXBLEUDNXI_2004                         0.03%    passed     99.97%
 415  KJ469584_2004_DELIM-WDPEIYJFLHRXBLEUDNXI_2004                         0.03%    passed     99.94%
 416  KJ469588_2005_DELIM-WDPEIYJFLHRXBLEUDNXI_2005                         0.03%    passed     99.97%
 417  KJ469562_2005_DELIM-WDPEIYJFLHRXBLEUDNXI_2005                         0.03%    passed     99.94%
 418  KX000155_2003_DELIM-WDPEIYJFLHRXBLEUDNXI_2003-10-22                   0.03%    passed     99.98%
 419  KU840309_2001_DELIM-WDPEIYJFLHRXBLEUDNXI_2001-07-24                   0.03%    passed     99.97%
 420  KJ469628_2001_DELIM-WDPEIYJFLHRXBLEUDNXI_2001                         0.03%    passed     99.90%
 421  KX000122_2003_DELIM-WDPEIYJFLHRXBLEUDNXI_2003-10-02                   0.03%    passed     99.97%
 422  KJ469642_2003_DELIM-WDPEIYJFLHRXBLEUDNXI_2003                         0.03%    passed     99.92%
 423  KJ469582_2003_DELIM-WDPEIYJFLHRXBLEUDNXI_2003                         0.03%    passed     99.95%
 424  KX000102_2003_DELIM-WDPEIYJFLHRXBLEUDNXI_2003-09-30                   0.03%    passed     99.89%
 425  KU840332_2003_DELIM-WDPEIYJFLHRXBLEUDNXI_2003-04-22                   0.03%    passed     99.92%
 426  KU840305_2003_DELIM-WDPEIYJFLHRXBLEUDNXI_2003-05-06                   0.03%    passed     99.94%
 427  KJ469555_2003_DELIM-WDPEIYJFLHRXBLEUDNXI_2003                         0.03%    passed     99.77%
 428  KU840350_2005_DELIM-WDPEIYJFLHRXBLEUDNXI_2005-05-26                   0.03%    passed     99.91%
 429  KJ469568_2005_DELIM-WDPEIYJFLHRXBLEUDNXI_2005                         0.03%    passed     99.91%
 430  HM210097_2005_DELIM-WDPEIYJFLHRXBLEUDNXI_2005-05-26                   0.03%    passed     99.93%
 431  KU840296_2004_DELIM-WDPEIYJFLHRXBLEUDNXI_2004-06-09                   0.03%    passed     99.99%
 432  KU840375_2001_DELIM-WDPEIYJFLHRXBLEUDNXI_2001-06-25                   0.03%    passed     99.72%
 433  KJ469591_2001_DELIM-WDPEIYJFLHRXBLEUDNXI_2001                         0.03%    passed     99.72%
 434  KX029294_2009_DELIM-WDPEIYJFLHRXBLEUDNXI_2009-09-22                   0.03%    passed     99.96%
 435  KX029290_2010_DELIM-WDPEIYJFLHRXBLEUDNXI_2010-08-20                   0.03%    passed     99.97%
 436  KX029268_2009_DELIM-WDPEIYJFLHRXBLEUDNXI_2009-08-19                   0.03%    passed     99.97%
 437  KU840304_2008_DELIM-WDPEIYJFLHRXBLEUDNXI_2008-08-07                   0.03%    passed     99.76%
 438  KJ469619_2007_DELIM-WDPEIYJFLHRXBLEUDNXI_2007                         0.03%    passed     99.93%
 439  KX000082_2009_DELIM-WDPEIYJFLHRXBLEUDNXI_2009-09-23                   0.03%    passed     99.64%
 440  KU840300_2010_DELIM-WDPEIYJFLHRXBLEUDNXI_2010-05-11                   0.03%    passed     99.98%
 441  KJ469618_2008_DELIM-WDPEIYJFLHRXBLEUDNXI_2008                         0.03%    passed     99.98%
 442  KJ469647_2008_DELIM-WDPEIYJFLHRXBLEUDNXI_2008                         0.03%    passed     99.84%
 443  KX029283_2012_DELIM-WDPEIYJFLHRXBLEUDNXI_2012-09-05                   0.04%    passed     99.99%
 444  KX029256_2013_DELIM-WDPEIYJFLHRXBLEUDNXI_2013-09-03                   0.04%    passed     99.99%
 445  KX000206_2012_DELIM-WDPEIYJFLHRXBLEUDNXI_2012-08-24                   0.04%    passed     99.99%
 446  KX029235_2013_DELIM-WDPEIYJFLHRXBLEUDNXI_2013-08-26                   0.04%    passed     99.96%
 447  RAB15ANI05176_2015_DELIM-WDPEIYJFLHRXBLEUDNXI_2015-09-24              0.03%    passed     99.84%
 448  RAB15ANI04939_2015_DELIM-WDPEIYJFLHRXBLEUDNXI_2015-09-02              0.03%    passed     99.80%
 449  KX000212_2014_DELIM-WDPEIYJFLHRXBLEUDNXI_2014-07-29                   0.03%    passed     99.99%
 450  KX000126_2014_DELIM-WDPEIYJFLHRXBLEUDNXI_2014-09-06                   0.03%    passed    100.00%
 451  KX000149_2014_DELIM-WDPEIYJFLHRXBLEUDNXI_2014-08-07                   0.03%    passed     99.99%
 452  KU840355_2014_DELIM-WDPEIYJFLHRXBLEUDNXI_2014-08-18                   0.03%    passed     99.92%
 453  KX000148_2013_DELIM-WDPEIYJFLHRXBLEUDNXI_2013-07-29                   0.03%    passed     99.99%
 454  KX000103_2013_DELIM-WDPEIYJFLHRXBLEUDNXI_2013-08-14                   0.03%    passed     99.99%
 455  KX000073_2013_DELIM-WDPEIYJFLHRXBLEUDNXI_2013-08-23                   0.03%    passed     99.99%
 456  KX000084_2013_DELIM-WDPEIYJFLHRXBLEUDNXI_2013-08-05                   0.03%    passed     99.99%
 457  KX000108_2013_DELIM-WDPEIYJFLHRXBLEUDNXI_2013-09-07                   0.03%    passed     99.99%
 458  KX000139_2013_DELIM-WDPEIYJFLHRXBLEUDNXI_2013-08-25                   0.03%    passed     99.98%
 459  KX000113_2013_DELIM-WDPEIYJFLHRXBLEUDNXI_2013-08-05                   0.03%    passed     99.98%
 460  KU840315_2008_DELIM-WDPEIYJFLHRXBLEUDNXI_2008-06-13                   0.03%    passed     99.99%
 461  KU840348_2005_DELIM-WDPEIYJFLHRXBLEUDNXI_2005-05-25                   0.03%    passed    100.00%
 462  KU840325_2005_DELIM-WDPEIYJFLHRXBLEUDNXI_2005-06-23                   0.03%    passed     99.99%
 463  KJ469651_2003_DELIM-WDPEIYJFLHRXBLEUDNXI_2003                         0.03%    passed     99.97%
 464  KJ469646_2004_DELIM-WDPEIYJFLHRXBLEUDNXI_2004                         0.03%    passed     99.98%
 465  KJ469632_2004_DELIM-WDPEIYJFLHRXBLEUDNXI_2004                         0.03%    passed     99.98%
 466  KU840324_2010_DELIM-WDPEIYJFLHRXBLEUDNXI_2010-08-18                   0.03%    passed     99.60%
 467  RAB16ANI06320-01-00_S15_2016_DELIM-WDPEIYJFLHRXBLEUDNXI_2016-10-21    0.03%    passed     99.35%
 468  KX000223_2014_DELIM-WDPEIYJFLHRXBLEUDNXI_2014-07-31                   0.03%    passed     99.87%
 469  KX000178_2013_DELIM-WDPEIYJFLHRXBLEUDNXI_2013-09-10                   0.03%    passed     99.89%
 470  KX000142_2013_DELIM-WDPEIYJFLHRXBLEUDNXI_2013-10-01                   0.03%    passed     99.90%
 471  KX000116_2014_DELIM-WDPEIYJFLHRXBLEUDNXI_2014-09-03                   0.03%    passed     99.90%
 472  KX000167_2013_DELIM-WDPEIYJFLHRXBLEUDNXI_2013-08-22                   0.03%    passed     99.89%
 473  KX000143_2014_DELIM-WDPEIYJFLHRXBLEUDNXI_2014-09-08                   0.03%    passed     99.89%
 474  KX000133_2014_DELIM-WDPEIYJFLHRXBLEUDNXI_2014-08-05                   0.03%    passed     99.94%
 475  KX000093_2014_DELIM-WDPEIYJFLHRXBLEUDNXI_2014-07-29                   0.03%    passed     99.89%
 476  KX000060_2014_DELIM-WDPEIYJFLHRXBLEUDNXI_2014-09-03                   0.03%    passed     99.94%
 477  KX000109_2014_DELIM-WDPEIYJFLHRXBLEUDNXI_2014-07-30                   0.03%    passed     99.92%
 478  KX000083_2013_DELIM-WDPEIYJFLHRXBLEUDNXI_2013-08-13                   0.03%    passed     99.85%
 479  KX000118_2013_DELIM-WDPEIYJFLHRXBLEUDNXI_2013-10-03                   0.03%    passed     99.93%
 480  KX000194_2013_DELIM-WDPEIYJFLHRXBLEUDNXI_2013-09-10                   0.16%    passed     99.95%
 481  14229-17_S49_2017_DELIM-WDPEIYJFLHRXBLEUDNXI_2017-10-25               0.03%    passed     99.52%
 482  KU840376_2012_DELIM-WDPEIYJFLHRXBLEUDNXI_2012-06-26                   0.03%    passed     99.91%
 483  KX000123_2014_DELIM-WDPEIYJFLHRXBLEUDNXI_2014-09-03                   0.08%    passed     99.84%
 484  KX000121_2014_DELIM-WDPEIYJFLHRXBLEUDNXI_2014-09-08                   0.08%    passed     99.72%
 485  11357-16_S45_2016_DELIM-WDPEIYJFLHRXBLEUDNXI_2016-09-12               0.03%    passed     99.64%
 486  15435-19_S83_2019_DELIM-WDPEIYJFLHRXBLEUDNXI_2019-10-17               0.03%    passed     99.87%
 487  14311-19_S78_2019_DELIM-WDPEIYJFLHRXBLEUDNXI_2019-09-23               0.03%    passed     99.62%
 488  14117-19_S75_2019_DELIM-WDPEIYJFLHRXBLEUDNXI_2019-09-23               0.03%    passed     99.62%
 489  12670-19_S71_2019_DELIM-WDPEIYJFLHRXBLEUDNXI_2019-09-05               0.03%    passed     99.93%
 490  15191-19_S81_2019_DELIM-WDPEIYJFLHRXBLEUDNXI_2019-10-07               0.03%    passed     99.06%
 491  11403-19_S64_2019_DELIM-WDPEIYJFLHRXBLEUDNXI_2019-08-27               0.03%    passed     98.96%
 492  10529-19_S59_2019_DELIM-WDPEIYJFLHRXBLEUDNXI_2019-08-20               0.03%    passed     98.96%
 493  14149-19_S76_2019_DELIM-WDPEIYJFLHRXBLEUDNXI_2019-09-23               0.03%    passed     99.02%
 494  11716-19_S66_2019_DELIM-WDPEIYJFLHRXBLEUDNXI_2019-08-28               0.03%    passed     99.02%
 495  10278-19_S58_2019_DELIM-WDPEIYJFLHRXBLEUDNXI_2019-08-19               0.03%    passed     99.02%
 496  KU840301_2014_DELIM-WDPEIYJFLHRXBLEUDNXI_2014-06-18                   0.03%    passed     99.89%
 497  KU840374_2013_DELIM-WDPEIYJFLHRXBLEUDNXI_2013-09-27                   0.03%    passed     99.73%
 498  KU840363_1994_DELIM-WDPEIYJFLHRXBLEUDNXI_1994-03-27                   0.03%    passed     99.98%
 499  HM210096_1994_DELIM-WDPEIYJFLHRXBLEUDNXI_1994-03-27                   0.03%    passed     99.98%
 500  KJ469602_1996_DELIM-WDPEIYJFLHRXBLEUDNXI_1996                         0.03%    passed     99.94%
 501  KJ469616_1994_DELIM-WDPEIYJFLHRXBLEUDNXI_1994                         0.03%    passed     99.78%
 502  KJ469638_1989_DELIM-WDPEIYJFLHRXBLEUDNXI_1989                         0.03%    passed     99.98%
 503  KJ469610_1990_DELIM-WDPEIYJFLHRXBLEUDNXI_1990                         0.03%    passed     99.97%
 504  KU840351_2001_DELIM-WDPEIYJFLHRXBLEUDNXI_2001-10-24                   0.03%    passed     98.12%
 505  KU840307_2005_DELIM-WDPEIYJFLHRXBLEUDNXI_2005-06-28                   0.03%    passed     98.11%
 506  KJ469561_2005_DELIM-WDPEIYJFLHRXBLEUDNXI_2005                         0.03%    passed     98.11%
 507  KU840291_1991_DELIM-WDPEIYJFLHRXBLEUDNXI_1991-08-02                   0.03%    passed     99.58%
 508  KU840311_2008_DELIM-WDPEIYJFLHRXBLEUDNXI_2008-03-19                   0.03%    passed     96.15%
 509  KU840354_1994_DELIM-WDPEIYJFLHRXBLEUDNXI_1994-08-03                   0.03%    passed     99.35%
 510  KJ469577_1994_DELIM-WDPEIYJFLHRXBLEUDNXI_1994                         0.03%    passed     99.35%
 511  KJ469639_1983_DELIM-WDPEIYJFLHRXBLEUDNXI_1983                         0.03%    passed     99.99%
 512  KJ469634_1989_DELIM-WDPEIYJFLHRXBLEUDNXI_1989                         0.03%    passed     99.85%
 513  KJ469559_2009_DELIM-WDPEIYJFLHRXBLEUDNXI_2009                         0.03%    passed     99.92%
 514  KJ469573_1982_DELIM-WDPEIYJFLHRXBLEUDNXI_1982                         0.03%    passed     99.97%
 515  KJ469587_1983_DELIM-WDPEIYJFLHRXBLEUDNXI_1983                         0.03%    passed     99.92%
 516  PY19-0166_S30_2019_DELIM-WDPEIYJFLHRXBLEUDNXI_2019-07-23              0.03%    passed     99.42%
 517  KX029319_2013_DELIM-WDPEIYJFLHRXBLEUDNXI_2013-08-27                   0.03%    passed     99.85%
 518  KX029279_2013_DELIM-WDPEIYJFLHRXBLEUDNXI_2013-10-07                   0.03%    passed     99.71%
 519  KX029274_2014_DELIM-WDPEIYJFLHRXBLEUDNXI_2014-08-11                   0.03%    passed     99.70%
 520  KX029232_2014_DELIM-WDPEIYJFLHRXBLEUDNXI_2014-07-15                   0.03%    passed     99.70%
 521  KX029260_2014_DELIM-WDPEIYJFLHRXBLEUDNXI_2014-08-04                   0.03%    passed     99.64%
 522  KU840302_2004_DELIM-WDPEIYJFLHRXBLEUDNXI_2004-06-29                   0.03%    passed     99.96%
 523  KU840331_2010_DELIM-WDPEIYJFLHRXBLEUDNXI_2010-06-23                   0.03%    passed    100.00%
 524  KU840368_2012_DELIM-WDPEIYJFLHRXBLEUDNXI_2012-01-06                   0.00%    passed     99.71%
****  TOTAL                                                                 0.04%  0 sequences failed composition chi2 test (p-value<5%; df=3)
NOTE: KJ469567_1974_DELIM-WDPEIYJFLHRXBLEUDNXI_1974 is identical to KX000069_1974_DELIM-WDPEIYJFLHRXBLEUDNXI_1974-09-05 but kept for subsequent analysis
NOTE: KX029248_2012_DELIM-WDPEIYJFLHRXBLEUDNXI_2012-08-09 is identical to KX029291_2012_DELIM-WDPEIYJFLHRXBLEUDNXI_2012-09-18 but kept for subsequent analysis
NOTE: KX029264_2010_DELIM-WDPEIYJFLHRXBLEUDNXI_2010-09-08 is identical to KX029313_2010_DELIM-WDPEIYJFLHRXBLEUDNXI_2010-07-12 but kept for subsequent analysis
NOTE: KX029277_2010_DELIM-WDPEIYJFLHRXBLEUDNXI_2010-07-14 is identical to KX029308_2010_DELIM-WDPEIYJFLHRXBLEUDNXI_2010-08-04 but kept for subsequent analysis
NOTE: KX029258_2012_DELIM-WDPEIYJFLHRXBLEUDNXI_2012-08-21 is identical to KX029288_2012_DELIM-WDPEIYJFLHRXBLEUDNXI_2012-07-23 but kept for subsequent analysis
NOTE: KJ469605_1992_DELIM-WDPEIYJFLHRXBLEUDNXI_1992 is identical to KU840318_1992_DELIM-WDPEIYJFLHRXBLEUDNXI_1992-06-25 but kept for subsequent analysis
NOTE: KJ469592_2002_DELIM-WDPEIYJFLHRXBLEUDNXI_2002 is identical to KU840379_2002_DELIM-WDPEIYJFLHRXBLEUDNXI_2002-11-01 but kept for subsequent analysis
NOTE: 10838-19_S61_2019_DELIM-WDPEIYJFLHRXBLEUDNXI_2019-08-21 is identical to 15347-19_S82_2019_DELIM-WDPEIYJFLHRXBLEUDNXI_2019-10-10 but kept for subsequent analysis
NOTE: 10898-19_S62_2019_DELIM-WDPEIYJFLHRXBLEUDNXI_2019-08-21 is identical to 11854-19_S67_2019_DELIM-WDPEIYJFLHRXBLEUDNXI_2019-08-28 but kept for subsequent analysis
NOTE: KJ469572_2001_DELIM-WDPEIYJFLHRXBLEUDNXI_2001 is identical to KU840316_2001_DELIM-WDPEIYJFLHRXBLEUDNXI_2001-10-17 but kept for subsequent analysis
NOTE: KJ469594_2003_DELIM-WDPEIYJFLHRXBLEUDNXI_2003 is identical to KU840356_2003_DELIM-WDPEIYJFLHRXBLEUDNXI_2003-06-10 but kept for subsequent analysis
NOTE: KX029259_2004_DELIM-WDPEIYJFLHRXBLEUDNXI_2004-08-04 is identical to KX029292_2006_DELIM-WDPEIYJFLHRXBLEUDNXI_2006-07-31 but kept for subsequent analysis
NOTE: KX000147_2006_DELIM-WDPEIYJFLHRXBLEUDNXI_2006-08-08 is identical to KX000190_2006_DELIM-WDPEIYJFLHRXBLEUDNXI_2006-09-13 but kept for subsequent analysis
NOTE: KX000170_2005_DELIM-WDPEIYJFLHRXBLEUDNXI_2005-07-19 is identical to KX000199_2005_DELIM-WDPEIYJFLHRXBLEUDNXI_2005-08-21 but kept for subsequent analysis
NOTE: KX000196_2007_DELIM-WDPEIYJFLHRXBLEUDNXI_2007-07-25 is identical to KX000215_2007_DELIM-WDPEIYJFLHRXBLEUDNXI_2007-07-11 but kept for subsequent analysis
NOTE: KU840298_2013_DELIM-WDPEIYJFLHRXBLEUDNXI_2013-04-08 is identical to KU840339_2013_DELIM-WDPEIYJFLHRXBLEUDNXI_2013-04-08 but kept for subsequent analysis
NOTE: NM19-0698_S39_2019_DELIM-WDPEIYJFLHRXBLEUDNXI_2019-09-23 is identical to SL19-1219_S41_2019_DELIM-WDPEIYJFLHRXBLEUDNXI_2019-08-07 but kept for subsequent analysis
NOTE: 10084-19_S56_2019_DELIM-WDPEIYJFLHRXBLEUDNXI_2019-08-15 is identical to 14661-19_S79_2019_DELIM-WDPEIYJFLHRXBLEUDNXI_2019-09-26 but kept for subsequent analysis
NOTE: ARB17MS330746_S18_2017_DELIM-WDPEIYJFLHRXBLEUDNXI_2017-09-26 is identical to ARB17MS370250_S26_2017_DELIM-WDPEIYJFLHRXBLEUDNXI_2017-07-26 but kept for subsequent analysis
NOTE: ARB18MS330394_S19_2018_DELIM-WDPEIYJFLHRXBLEUDNXI_2018-07-31 is identical to ARB18MS330453_S21_2018_DELIM-WDPEIYJFLHRXBLEUDNXI_2018-08-07 but kept for subsequent analysis
NOTE: KX029289_2006_DELIM-WDPEIYJFLHRXBLEUDNXI_2006-08-09 is identical to KX029309_2004_DELIM-WDPEIYJFLHRXBLEUDNXI_2004-10-01 but kept for subsequent analysis
NOTE: KX000168_2009_DELIM-WDPEIYJFLHRXBLEUDNXI_2009-07-29 is identical to KX000231_2010_DELIM-WDPEIYJFLHRXBLEUDNXI_2010-08-31 but kept for subsequent analysis
NOTE: KX000140_2010_DELIM-WDPEIYJFLHRXBLEUDNXI_2010-08-20 is identical to KX000195_2011_DELIM-WDPEIYJFLHRXBLEUDNXI_2011-08-22 but kept for subsequent analysis
NOTE: KX000129_2011_DELIM-WDPEIYJFLHRXBLEUDNXI_2011-08-17 is identical to KX000219_2010_DELIM-WDPEIYJFLHRXBLEUDNXI_2010-08-31 but kept for subsequent analysis
NOTE: KX000217_2009_DELIM-WDPEIYJFLHRXBLEUDNXI_2009-07-28 is identical to KX000226_2009_DELIM-WDPEIYJFLHRXBLEUDNXI_2009-08-06 but kept for subsequent analysis
NOTE: KX000117_2008_DELIM-WDPEIYJFLHRXBLEUDNXI_2008-08-28 is identical to KX000159_2008_DELIM-WDPEIYJFLHRXBLEUDNXI_2008-08-28 but kept for subsequent analysis
NOTE: KX000161_2011_DELIM-WDPEIYJFLHRXBLEUDNXI_2011-07-18 is identical to KX000200_2011_DELIM-WDPEIYJFLHRXBLEUDNXI_2011-08-18 but kept for subsequent analysis
NOTE: KJ469597_2001_DELIM-WDPEIYJFLHRXBLEUDNXI_2001 is identical to KU840317_2001_DELIM-WDPEIYJFLHRXBLEUDNXI_2001-11-21 but kept for subsequent analysis
NOTE: KJ469568_2005_DELIM-WDPEIYJFLHRXBLEUDNXI_2005 is identical to KU840350_2005_DELIM-WDPEIYJFLHRXBLEUDNXI_2005-05-26 but kept for subsequent analysis
NOTE: KJ469591_2001_DELIM-WDPEIYJFLHRXBLEUDNXI_2001 is identical to KU840375_2001_DELIM-WDPEIYJFLHRXBLEUDNXI_2001-06-25 but kept for subsequent analysis
NOTE: KX000206_2012_DELIM-WDPEIYJFLHRXBLEUDNXI_2012-08-24 is identical to KX029256_2013_DELIM-WDPEIYJFLHRXBLEUDNXI_2013-09-03 but kept for subsequent analysis
NOTE: KX000103_2013_DELIM-WDPEIYJFLHRXBLEUDNXI_2013-08-14 is identical to KX000148_2013_DELIM-WDPEIYJFLHRXBLEUDNXI_2013-07-29 but kept for subsequent analysis
NOTE: KJ469632_2004_DELIM-WDPEIYJFLHRXBLEUDNXI_2004 is identical to KJ469646_2004_DELIM-WDPEIYJFLHRXBLEUDNXI_2004 but kept for subsequent analysis
NOTE: KX000116_2014_DELIM-WDPEIYJFLHRXBLEUDNXI_2014-09-03 is identical to KX000142_2013_DELIM-WDPEIYJFLHRXBLEUDNXI_2013-10-01 but kept for subsequent analysis
NOTE: 14117-19_S75_2019_DELIM-WDPEIYJFLHRXBLEUDNXI_2019-09-23 is identical to 14311-19_S78_2019_DELIM-WDPEIYJFLHRXBLEUDNXI_2019-09-23 but kept for subsequent analysis
NOTE: HM210096_1994_DELIM-WDPEIYJFLHRXBLEUDNXI_1994-03-27 is identical to KU840363_1994_DELIM-WDPEIYJFLHRXBLEUDNXI_1994-03-27 but kept for subsequent analysis
NOTE: KJ469561_2005_DELIM-WDPEIYJFLHRXBLEUDNXI_2005 is identical to KU840307_2005_DELIM-WDPEIYJFLHRXBLEUDNXI_2005-06-28 but kept for subsequent analysis
NOTE: KJ469577_1994_DELIM-WDPEIYJFLHRXBLEUDNXI_1994 is identical to KU840354_1994_DELIM-WDPEIYJFLHRXBLEUDNXI_1994-08-03 but kept for subsequent analysis
NOTE: KX029232_2014_DELIM-WDPEIYJFLHRXBLEUDNXI_2014-07-15 is identical to KX029274_2014_DELIM-WDPEIYJFLHRXBLEUDNXI_2014-08-11 but kept for subsequent analysis
Checking for duplicate sequences: done in 0.0055151 secs using 89.92% CPU
Identifying sites to remove: done in 0.0307832 secs using 93.79% CPU
NOTE: 21 identical sequences (see below) will be ignored for subsequent analysis
NOTE: KX029257_2011_DELIM-WDPEIYJFLHRXBLEUDNXI_2011-08-17 (identical to KX029288_2012_DELIM-WDPEIYJFLHRXBLEUDNXI_2012-07-23) is ignored but added at the end
NOTE: KX029250_2012_DELIM-WDPEIYJFLHRXBLEUDNXI_2012-07-25 (identical to KX029288_2012_DELIM-WDPEIYJFLHRXBLEUDNXI_2012-07-23) is ignored but added at the end
NOTE: KX029238_2012_DELIM-WDPEIYJFLHRXBLEUDNXI_2012-07-09 (identical to KX029288_2012_DELIM-WDPEIYJFLHRXBLEUDNXI_2012-07-23) is ignored but added at the end
NOTE: KX029246_2004_DELIM-WDPEIYJFLHRXBLEUDNXI_2004-07-28 (identical to KX029292_2006_DELIM-WDPEIYJFLHRXBLEUDNXI_2006-07-31) is ignored but added at the end
NOTE: KX000112_2006_DELIM-WDPEIYJFLHRXBLEUDNXI_2006-08-17 (identical to KX000190_2006_DELIM-WDPEIYJFLHRXBLEUDNXI_2006-09-13) is ignored but added at the end
NOTE: KX000185_2007_DELIM-WDPEIYJFLHRXBLEUDNXI_2007-06-25 (identical to KX000215_2007_DELIM-WDPEIYJFLHRXBLEUDNXI_2007-07-11) is ignored but added at the end
NOTE: KX000171_2007_DELIM-WDPEIYJFLHRXBLEUDNXI_2007-07-11 (identical to KX000215_2007_DELIM-WDPEIYJFLHRXBLEUDNXI_2007-07-11) is ignored but added at the end
NOTE: KX000156_2007_DELIM-WDPEIYJFLHRXBLEUDNXI_2007-07-16 (identical to KX000215_2007_DELIM-WDPEIYJFLHRXBLEUDNXI_2007-07-11) is ignored but added at the end
NOTE: KX000115_2007_DELIM-WDPEIYJFLHRXBLEUDNXI_2007-07-09 (identical to KX000215_2007_DELIM-WDPEIYJFLHRXBLEUDNXI_2007-07-11) is ignored but added at the end
NOTE: KX000106_2007_DELIM-WDPEIYJFLHRXBLEUDNXI_2007-07-18 (identical to KX000215_2007_DELIM-WDPEIYJFLHRXBLEUDNXI_2007-07-11) is ignored but added at the end
NOTE: KP282670_2005_DELIM-WDPEIYJFLHRXBLEUDNXI_2005 (identical to KX029309_2004_DELIM-WDPEIYJFLHRXBLEUDNXI_2004-10-01) is ignored but added at the end
NOTE: KX000164_2009_DELIM-WDPEIYJFLHRXBLEUDNXI_2009-09-03 (identical to KX000231_2010_DELIM-WDPEIYJFLHRXBLEUDNXI_2010-08-31) is ignored but added at the end
NOTE: KX000080_2010_DELIM-WDPEIYJFLHRXBLEUDNXI_2010-08-24 (identical to KX000231_2010_DELIM-WDPEIYJFLHRXBLEUDNXI_2010-08-31) is ignored but added at the end
NOTE: KX000074_2009_DELIM-WDPEIYJFLHRXBLEUDNXI_2009-08-27 (identical to KX000231_2010_DELIM-WDPEIYJFLHRXBLEUDNXI_2010-08-31) is ignored but added at the end
NOTE: KX000054_2010_DELIM-WDPEIYJFLHRXBLEUDNXI_2010-08-19 (identical to KX000231_2010_DELIM-WDPEIYJFLHRXBLEUDNXI_2010-08-31) is ignored but added at the end
NOTE: KX000048_2010_DELIM-WDPEIYJFLHRXBLEUDNXI_2010-06-30 (identical to KX000231_2010_DELIM-WDPEIYJFLHRXBLEUDNXI_2010-08-31) is ignored but added at the end
NOTE: KX000216_2006_DELIM-WDPEIYJFLHRXBLEUDNXI_2006-08-03 (identical to KX000226_2009_DELIM-WDPEIYJFLHRXBLEUDNXI_2009-08-06) is ignored but added at the end
NOTE: KX000177_2009_DELIM-WDPEIYJFLHRXBLEUDNXI_2009-08-13 (identical to KX000226_2009_DELIM-WDPEIYJFLHRXBLEUDNXI_2009-08-06) is ignored but added at the end
NOTE: KX000067_2009_DELIM-WDPEIYJFLHRXBLEUDNXI_2009-07-23 (identical to KX000226_2009_DELIM-WDPEIYJFLHRXBLEUDNXI_2009-08-06) is ignored but added at the end
NOTE: KX000110_2011_DELIM-WDPEIYJFLHRXBLEUDNXI_2011-08-10 (identical to KX000200_2011_DELIM-WDPEIYJFLHRXBLEUDNXI_2011-08-18) is ignored but added at the end
NOTE: KX000073_2013_DELIM-WDPEIYJFLHRXBLEUDNXI_2013-08-23 (identical to KX000148_2013_DELIM-WDPEIYJFLHRXBLEUDNXI_2013-07-29) is ignored but added at the end
Alignment was printed to data/study_dataset-delim.fasta.uniqueseq.phy

For your convenience alignment with unique sequences printed to data/study_dataset-delim.fasta.uniqueseq.phy

Create initial parsimony tree by phylogenetic likelihood library (PLL)... 0.008 seconds

NOTE: 39 MB RAM (0 GB) is required!
Estimate model parameters (epsilon = 0.500)
1. Initial log-likelihood: -215496.520
2. Current log-likelihood: -193221.260
3. Current log-likelihood: -193100.989
Optimal log-likelihood: -193100.536
Rate parameters:  A-C: 1.18889  A-G: 5.48495  A-T: 1.23520  C-G: 0.06120  C-T: 18.26732  G-T: 1.00000
Base frequencies:  A: 0.282  C: 0.248  G: 0.245  T: 0.225
Parameters optimization took 3 rounds (4.773 sec)
Wrote distance file to... 
Computing ML distances based on estimated model parameters...
Calculating distance matrix: done in 1.05664 secs using 98.66% CPU
Computing ML distances took 1.060292 sec (of wall-clock time) 1.045934 sec (of CPU time)
Setting up auxiliary I and S matrices: done in 0.00406313 secs using 184.3% CPU
Constructing RapidNJ tree: done in 0.009691 secs using 187.9% CPU
Computing RapidNJ tree took 0.013828 sec (of wall-clock time) 0.025846 sec (of CPU time)
Log-likelihood of RapidNJ tree: -54548.262
--------------------------------------------------------------------
|             INITIALIZING CANDIDATE TREE SET                      |
--------------------------------------------------------------------

Do NNI search on 2 best initial trees
Optimizing NNI: done in 1.02043 secs using 98.59% CPU
Estimate model parameters (epsilon = 0.500)
BETTER TREE FOUND at iteration 1: -54516.589
Optimizing NNI: done in 18.0485 secs using 99.69% CPU
Finish initializing candidate tree set (4)
Current best tree score: -54516.589 / CPU time: 20.296
Number of iterations: 2
TREE SEARCH COMPLETED AFTER 2 ITERATIONS / Time: 0h:0m:26s

--------------------------------------------------------------------
|                    FINALIZING TREE SEARCH                        |
--------------------------------------------------------------------
Performs final model parameters optimization
Estimate model parameters (epsilon = 0.050)
1. Initial log-likelihood: -54516.589
Optimal log-likelihood: -54516.589
Rate parameters:  A-C: 1.04622  A-G: 5.14647  A-T: 1.24755  C-G: 0.07750  C-T: 15.53965  G-T: 1.00000
Base frequencies:  A: 0.282  C: 0.248  G: 0.245  T: 0.225
Parameters optimization took 1 rounds (0.364 sec)
BEST SCORE FOUND : -54516.589
Total tree length: 0.424

Total number of iterations: 2
CPU time used for tree search: 20.216 sec (0h:0m:20s)
Wall-clock time used for tree search: 20.297 sec (0h:0m:20s)
Total CPU time used: 26.944 sec (0h:0m:26s)
Total wall-clock time used: 26.963 sec (0h:0m:26s)

Analysis results written to: 
  IQ-TREE report:                data/study_dataset-delim.fasta.iqtree
  Maximum-likelihood tree:       data/study_dataset-delim.fasta.treefile
  Likelihood distances:          data/study_dataset-delim.fasta.mldist
  Screen log file:               data/study_dataset-delim.fasta.log

Date and Time: Tue Jul 19 17:02:10 2022
