IQ-TREE multicore version 2.2.0-beta COVID-edition for Mac OS X 64-bit built Dec 21 2021 built Dec 21 2021
Developed by Bui Quang Minh, James Barbetti, Nguyen Lam Tung,
Olga Chernomor, Heiko Schmidt, Dominik Schrempf, Michael Woodhams, Ly Trong Nhan.

Host:    users-MacBook.local (SSE4.2, 16 GB RAM)
Command: iqtree2 -ninit 2 -n 2 -me 0.05 -nt 1 -s results/filtered-delim.fasta -m GTR
Seed:    265816 (Using SPRNG - Scalable Parallel Random Number Generator)
Time:    Wed Jul 27 11:35:47 2022
Kernel:  SSE2 - 1 threads (8 CPU cores detected)

HINT: Use -nt option to specify number of threads because your CPU has 8 cores!
HINT: -nt AUTO will automatically determine the best number of threads to use.

Reading alignment file results/filtered-delim.fasta ... Fasta format detected
Reading fasta file: done in 0.0937099 secs using 95.5% CPU
Alignment most likely contains DNA/RNA sequences
Constructing alignment: done in 0.0341871 secs using 86.42% CPU
Alignment has 522 sequences with 11277 columns, 2366 distinct patterns
1822 parsimony-informative, 955 singleton sites, 8500 constant sites
                                                                    Gap/Ambiguity  Composition  p-value
Analyzing sequences: done in 0.00224304 secs using 89.21% CPU
   1  KX000089_1933_DELIM-ZKPCLROVXPKMUKGQVKGE_1933                         0.03%    passed     98.17%
   2  KJ469600_1933_DELIM-ZKPCLROVXPKMUKGQVKGE_1933                         0.03%    passed     98.26%
   3  KJ469583_1934_DELIM-ZKPCLROVXPKMUKGQVKGE_1934                         0.03%    passed     98.56%
   4  KJ469566_1935_DELIM-ZKPCLROVXPKMUKGQVKGE_1935                         0.03%    passed     98.44%
   5  KJ469609_1953_DELIM-ZKPCLROVXPKMUKGQVKGE_1953                         0.03%    passed     99.14%
   6  KX000218_1973_DELIM-ZKPCLROVXPKMUKGQVKGE_1973-10-01                   0.03%    passed     98.41%
   7  KX000099_1969_DELIM-ZKPCLROVXPKMUKGQVKGE_1969                         0.03%    passed     97.91%
   8  KJ469635_1969_DELIM-ZKPCLROVXPKMUKGQVKGE_1969                         0.03%    passed     98.06%
   9  EF568607_1960_DELIM-ZKPCLROVXPKMUKGQVKGE_1960                         0.03%    passed     98.41%
  10  KJ469599_1960_DELIM-ZKPCLROVXPKMUKGQVKGE_1960                         0.03%    passed     97.88%
  11  KX000120_1971_DELIM-ZKPCLROVXPKMUKGQVKGE_1971-08-23                   0.05%    passed     99.80%
  12  KX000114_1971_DELIM-ZKPCLROVXPKMUKGQVKGE_1971-08-28                   0.05%    passed     99.73%
  13  KX000078_1971_DELIM-ZKPCLROVXPKMUKGQVKGE_1971-08-24                   0.05%    passed     99.67%
  14  KJ469617_1979_DELIM-ZKPCLROVXPKMUKGQVKGE_1979                         0.03%    passed     99.47%
  15  KJ469611_1977_DELIM-ZKPCLROVXPKMUKGQVKGE_1977                         0.03%    passed     99.64%
  16  KJ469603_1951_DELIM-ZKPCLROVXPKMUKGQVKGE_1951                         0.03%    passed     98.87%
  17  KX000069_1974_DELIM-ZKPCLROVXPKMUKGQVKGE_1974-09-05                   0.03%    passed     99.63%
  18  KJ469567_1974_DELIM-ZKPCLROVXPKMUKGQVKGE_1974                         0.03%    passed     99.63%
  19  KX000053_1974_DELIM-ZKPCLROVXPKMUKGQVKGE_1974-09-12                   0.03%    passed     99.51%
  20  KX000047_1975_DELIM-ZKPCLROVXPKMUKGQVKGE_1975-07-16                   0.03%    passed     99.51%
  21  KX000065_1974_DELIM-ZKPCLROVXPKMUKGQVKGE_1974-09-05                   0.03%    passed     99.43%
  22  KX000066_1974_DELIM-ZKPCLROVXPKMUKGQVKGE_1974-09-04                   0.03%    passed     99.72%
  23  KJ469630_1990_DELIM-ZKPCLROVXPKMUKGQVKGE_1990                         0.03%    passed     99.40%
  24  KJ469624_1984_DELIM-ZKPCLROVXPKMUKGQVKGE_1984                         0.03%    passed     99.98%
  25  KJ469579_1982_DELIM-ZKPCLROVXPKMUKGQVKGE_1982                         0.03%    passed     99.66%
  26  KU840369_1986_DELIM-ZKPCLROVXPKMUKGQVKGE_1986-01-02                   0.03%    passed     99.96%
  27  KJ469575_1996_DELIM-ZKPCLROVXPKMUKGQVKGE_1996                         0.03%    passed     99.99%
  28  KJ469563_1996_DELIM-ZKPCLROVXPKMUKGQVKGE_1996                         0.03%    passed     99.97%
  29  KU840378_1994_DELIM-ZKPCLROVXPKMUKGQVKGE_1994-04-06                   0.03%    passed     97.54%
  30  EF151502_1993_DELIM-ZKPCLROVXPKMUKGQVKGE_1993                         0.03%    passed     99.20%
  31  U01034_1982_DELIM-ZKPCLROVXPKMUKGQVKGE_1982                           0.05%    passed     99.13%
  32  SL19-1584_S34_2019_DELIM-ZKPCLROVXPKMUKGQVKGE_2019-08-29              0.03%    passed     99.84%
  33  ARB15MS330238_S4_2015_DELIM-ZKPCLROVXPKMUKGQVKGE_2015-06-25           0.03%    passed     99.44%
  34  ARB15MS260175_S6_2015_DELIM-ZKPCLROVXPKMUKGQVKGE_2015-07-28           0.03%    passed     99.34%
  35  ARB15MS260105_S5_2015_DELIM-ZKPCLROVXPKMUKGQVKGE_2015-07-06           0.04%    passed     99.48%
  36  ARB15MS260353_S12_2015_DELIM-ZKPCLROVXPKMUKGQVKGE_2015-09-23          0.03%    passed     99.72%
  37  RAB15ANI05065-01-00_S10_2015_DELIM-ZKPCLROVXPKMUKGQVKGE_2015-09-12    0.03%    passed     99.86%
  38  KX029273_2009_DELIM-ZKPCLROVXPKMUKGQVKGE_2009-08-19                   0.03%    passed     99.98%
  39  KX000182_2004_DELIM-ZKPCLROVXPKMUKGQVKGE_2004-09-07                   0.03%    passed     99.97%
  40  KX000095_2004_DELIM-ZKPCLROVXPKMUKGQVKGE_2004-09-02                   0.03%    passed     99.98%
  41  KX000091_2004_DELIM-ZKPCLROVXPKMUKGQVKGE_2004-09-17                   0.03%    passed     99.95%
  42  KX000051_2003_DELIM-ZKPCLROVXPKMUKGQVKGE_2003-09-25                   0.03%    passed    100.00%
  43  KU840335_2002_DELIM-ZKPCLROVXPKMUKGQVKGE_2002-12-18                   0.03%    passed     99.99%
  44  KJ469571_2003_DELIM-ZKPCLROVXPKMUKGQVKGE_2003                         0.03%    passed     99.99%
  45  KU840320_2003_DELIM-ZKPCLROVXPKMUKGQVKGE_2003-07-28                   0.03%    passed     99.98%
  46  KJ469625_2009_DELIM-ZKPCLROVXPKMUKGQVKGE_2009                         0.03%    passed     99.86%
  47  KU840297_2008_DELIM-ZKPCLROVXPKMUKGQVKGE_2008-06-25                   0.03%    passed     99.79%
  48  KX000160_2014_DELIM-ZKPCLROVXPKMUKGQVKGE_2014-09-01                   0.03%    passed     99.97%
  49  KX000111_2014_DELIM-ZKPCLROVXPKMUKGQVKGE_2014-09-02                   0.03%    passed     99.95%
  50  KX000137_2014_DELIM-ZKPCLROVXPKMUKGQVKGE_2014-08-27                   0.03%    passed     99.96%
  51  KX000135_2014_DELIM-ZKPCLROVXPKMUKGQVKGE_2014-07-16                   0.03%    passed     99.98%
  52  KX000092_2014_DELIM-ZKPCLROVXPKMUKGQVKGE_2014-07-31                   0.03%    passed     99.96%
  53  ARB15MS370406_S7_2015_DELIM-ZKPCLROVXPKMUKGQVKGE_2015-07-27           0.03%    passed     99.93%
  54  KX000072_2014_DELIM-ZKPCLROVXPKMUKGQVKGE_2014-08-21                   0.03%    passed     99.98%
  55  KX000076_2014_DELIM-ZKPCLROVXPKMUKGQVKGE_2014-09-03                   0.32%    passed     99.96%
  56  KU840360_2010_DELIM-ZKPCLROVXPKMUKGQVKGE_2010-07-22                   0.03%    passed     99.90%
  57  ARB19MS510595_S24_2019_DELIM-ZKPCLROVXPKMUKGQVKGE_2019-07-31          0.03%    passed     99.99%
  58  RAB16ANI05362-01-00_S14_2016_DELIM-ZKPCLROVXPKMUKGQVKGE_2016-08-23    0.03%    passed     99.68%
  59  KJ469650_2009_DELIM-ZKPCLROVXPKMUKGQVKGE_2009                         0.03%    passed     99.78%
  60  KX000071_2013_DELIM-ZKPCLROVXPKMUKGQVKGE_2013-09-12                   0.03%    passed     99.24%
  61  KU840294_2010_DELIM-ZKPCLROVXPKMUKGQVKGE_2010-06-14                   0.03%    passed     99.35%
  62  KJ469627_2003_DELIM-ZKPCLROVXPKMUKGQVKGE_2003                         0.03%    passed     99.26%
  63  AY705240_1997_DELIM-ZKPCLROVXPKMUKGQVKGE_1997-08-01                   0.03%    passed     99.84%
  64  KJ469620_2006_DELIM-ZKPCLROVXPKMUKGQVKGE_2006                         0.03%    passed     99.98%
  65  KX029317_2011_DELIM-ZKPCLROVXPKMUKGQVKGE_2011-09-15                   0.03%    passed     99.85%
  66  KX029301_2011_DELIM-ZKPCLROVXPKMUKGQVKGE_2011-09-14                   0.03%    passed     99.82%
  67  KX029291_2012_DELIM-ZKPCLROVXPKMUKGQVKGE_2012-09-18                   0.03%    passed     99.81%
  68  KX029248_2012_DELIM-ZKPCLROVXPKMUKGQVKGE_2012-08-09                   0.03%    passed     99.81%
  69  KX029236_2012_DELIM-ZKPCLROVXPKMUKGQVKGE_2012-09-05                   0.03%    passed     99.79%
  70  KX029275_2011_DELIM-ZKPCLROVXPKMUKGQVKGE_2011-09-13                   0.03%    passed     99.86%
  71  KX029298_2011_DELIM-ZKPCLROVXPKMUKGQVKGE_2011-09-15                   0.03%    passed     99.84%
  72  KX029281_2009_DELIM-ZKPCLROVXPKMUKGQVKGE_2009-10-09                   0.03%    passed     99.81%
  73  KX029293_2013_DELIM-ZKPCLROVXPKMUKGQVKGE_2013-09-17                   0.03%    passed     99.65%
  74  KX000157_2013_DELIM-ZKPCLROVXPKMUKGQVKGE_2013-08-08                   0.03%    passed     99.77%
  75  KX000146_2012_DELIM-ZKPCLROVXPKMUKGQVKGE_2012-08-17                   0.03%    passed     99.75%
  76  KX000050_2012_DELIM-ZKPCLROVXPKMUKGQVKGE_2012-09-08                   0.03%    passed     99.88%
  77  KT153580_2012_DELIM-ZKPCLROVXPKMUKGQVKGE_2012-08-07                   0.03%    passed     99.91%
  78  KT153581_2012_DELIM-ZKPCLROVXPKMUKGQVKGE_2012-09-18                   0.03%    passed     99.86%
  79  KX029230_2014_DELIM-ZKPCLROVXPKMUKGQVKGE_2014-09-23                   0.03%    passed     99.77%
  80  KX000075_2008_DELIM-ZKPCLROVXPKMUKGQVKGE_2008-08-05                   0.03%    passed     99.95%
  81  KX000230_2012_DELIM-ZKPCLROVXPKMUKGQVKGE_2012-07-23                   0.03%    passed     99.90%
  82  KU840347_2009_DELIM-ZKPCLROVXPKMUKGQVKGE_2009-03-16                   0.03%    passed     99.80%
  83  KU840328_2005_DELIM-ZKPCLROVXPKMUKGQVKGE_2005-06-06                   0.03%    passed     99.65%
  84  KJ469615_2003_DELIM-ZKPCLROVXPKMUKGQVKGE_2003                         0.03%    passed     99.94%
  85  KU840319_2003_DELIM-ZKPCLROVXPKMUKGQVKGE_2003-06-02                   0.03%    passed     99.72%
  86  KU840306_2003_DELIM-ZKPCLROVXPKMUKGQVKGE_2003-05-26                   0.24%    passed     99.75%
  87  KJ469604_2009_DELIM-ZKPCLROVXPKMUKGQVKGE_2009                         0.03%    passed     99.94%
  88  KU840361_2010_DELIM-ZKPCLROVXPKMUKGQVKGE_2010-05-09                   0.03%    passed     99.43%
  89  KU840323_2014_DELIM-ZKPCLROVXPKMUKGQVKGE_2014-06-23                   0.03%    passed     99.70%
  90  KX029316_2012_DELIM-ZKPCLROVXPKMUKGQVKGE_2012-08-22                   0.03%    passed     99.95%
  91  KX029296_2012_DELIM-ZKPCLROVXPKMUKGQVKGE_2012-08-01                   0.03%    passed     99.92%
  92  KX029287_2012_DELIM-ZKPCLROVXPKMUKGQVKGE_2012-09-14                   0.03%    passed     99.93%
  93  KX029306_2012_DELIM-ZKPCLROVXPKMUKGQVKGE_2012-08-14                   0.03%    passed     99.95%
  94  KX029270_2012_DELIM-ZKPCLROVXPKMUKGQVKGE_2012-09-02                   0.03%    passed     99.91%
  95  KX029313_2010_DELIM-ZKPCLROVXPKMUKGQVKGE_2010-07-12                   0.03%    passed     99.97%
  96  KX029264_2010_DELIM-ZKPCLROVXPKMUKGQVKGE_2010-09-08                   0.03%    passed     99.97%
  97  KX029284_2010_DELIM-ZKPCLROVXPKMUKGQVKGE_2010-07-20                   0.03%    passed     99.98%
  98  KX029271_2010_DELIM-ZKPCLROVXPKMUKGQVKGE_2010-09-01                   0.03%    passed     99.97%
  99  KX029311_2010_DELIM-ZKPCLROVXPKMUKGQVKGE_2010-07-27                   0.03%    passed     99.93%
 100  KX029308_2010_DELIM-ZKPCLROVXPKMUKGQVKGE_2010-08-04                   0.03%    passed     99.96%
 101  KX029277_2010_DELIM-ZKPCLROVXPKMUKGQVKGE_2010-07-14                   0.03%    passed     99.96%
 102  KX029286_2009_DELIM-ZKPCLROVXPKMUKGQVKGE_2009-09-15                   0.03%    passed     99.96%
 103  KX029234_2008_DELIM-ZKPCLROVXPKMUKGQVKGE_2008-09-30                   0.03%    passed     99.96%
 104  KX029299_2008_DELIM-ZKPCLROVXPKMUKGQVKGE_2008-09-16                   0.03%    passed     99.96%
 105  KX029263_2008_DELIM-ZKPCLROVXPKMUKGQVKGE_2008-08-14                   0.03%    passed     99.95%
 106  KX029243_2009_DELIM-ZKPCLROVXPKMUKGQVKGE_2009-09-14                   0.03%    passed     99.98%
 107  KX029304_2011_DELIM-ZKPCLROVXPKMUKGQVKGE_2011-10-20                   0.03%    passed     99.96%
 108  KX029295_2012_DELIM-ZKPCLROVXPKMUKGQVKGE_2012-08-13                   0.03%    passed     99.93%
 109  KX029288_2012_DELIM-ZKPCLROVXPKMUKGQVKGE_2012-07-23                   0.03%    passed     99.96%
 110  KX029258_2012_DELIM-ZKPCLROVXPKMUKGQVKGE_2012-08-21                   0.03%    passed     99.96%
 111  KX029257_2011_DELIM-ZKPCLROVXPKMUKGQVKGE_2011-08-17                   0.03%    passed     99.96%
 112  KX029250_2012_DELIM-ZKPCLROVXPKMUKGQVKGE_2012-07-25                   0.03%    passed     99.96%
 113  KX029238_2012_DELIM-ZKPCLROVXPKMUKGQVKGE_2012-07-09                   0.03%    passed     99.96%
 114  KX029233_2012_DELIM-ZKPCLROVXPKMUKGQVKGE_2012-08-16                   0.03%    passed     99.96%
 115  KX029255_2011_DELIM-ZKPCLROVXPKMUKGQVKGE_2011-07-19                   0.03%    passed     99.96%
 116  KX029278_2008_DELIM-ZKPCLROVXPKMUKGQVKGE_2008-09-05                   0.03%    passed     99.98%
 117  KX029240_2010_DELIM-ZKPCLROVXPKMUKGQVKGE_2010-08-30                   0.03%    passed     99.92%
 118  KX029267_2011_DELIM-ZKPCLROVXPKMUKGQVKGE_2011-09-26                   0.03%    passed     99.92%
 119  KX029254_2011_DELIM-ZKPCLROVXPKMUKGQVKGE_2011-09-14                   0.03%    passed     99.95%
 120  KX029244_2012_DELIM-ZKPCLROVXPKMUKGQVKGE_2012-07-25                   0.03%    passed     99.96%
 121  KX029282_2009_DELIM-ZKPCLROVXPKMUKGQVKGE_2009-08-17                   0.03%    passed     99.97%
 122  KX000184_2014_DELIM-ZKPCLROVXPKMUKGQVKGE_2014-09-24                   0.03%    passed     99.83%
 123  KJ469649_2006_DELIM-ZKPCLROVXPKMUKGQVKGE_2006                         0.03%    passed     99.77%
 124  KU840357_2010_DELIM-ZKPCLROVXPKMUKGQVKGE_2010-07-11                   0.03%    passed     99.94%
 125  KU840372_2008_DELIM-ZKPCLROVXPKMUKGQVKGE_2008-10-03                   0.03%    passed     99.78%
 126  KU840344_2008_DELIM-ZKPCLROVXPKMUKGQVKGE_2008-07-21                   0.03%    passed     99.95%
 127  KX000197_2013_DELIM-ZKPCLROVXPKMUKGQVKGE_2013-08-07                   0.03%    passed     99.62%
 128  ARB19MS370212_S23_2019_DELIM-ZKPCLROVXPKMUKGQVKGE_2019-07-08          0.03%    passed     99.87%
 129  ARB19MS330484_S3_2019_DELIM-ZKPCLROVXPKMUKGQVKGE_2019-08-15           0.03%    passed     99.88%
 130  KX000225_2003_DELIM-ZKPCLROVXPKMUKGQVKGE_2003-09-24                   0.03%    passed     99.92%
 131  KX000153_2003_DELIM-ZKPCLROVXPKMUKGQVKGE_2003-09-24                   0.03%    passed     99.92%
 132  KU840371_2003_DELIM-ZKPCLROVXPKMUKGQVKGE_2003-06-18                   0.03%    passed     99.94%
 133  KU840337_2001_DELIM-ZKPCLROVXPKMUKGQVKGE_2001-12-23                   0.03%    passed     99.98%
 134  KU840330_2003_DELIM-ZKPCLROVXPKMUKGQVKGE_2003-04-25                   0.03%    passed     99.97%
 135  HM210098_2003_DELIM-ZKPCLROVXPKMUKGQVKGE_2003-04-02                   0.03%    passed     99.99%
 136  KU840365_1992_DELIM-ZKPCLROVXPKMUKGQVKGE_1992-06-10                   0.04%    passed     99.99%
 137  HM210093_1992_DELIM-ZKPCLROVXPKMUKGQVKGE_1992-06-10                   0.03%    passed     99.99%
 138  KU840353_1991_DELIM-ZKPCLROVXPKMUKGQVKGE_1991-09-19                   0.03%    passed     99.92%
 139  AY705241_1991_DELIM-ZKPCLROVXPKMUKGQVKGE_1991-06-01                   0.03%    passed     99.99%
 140  KU840318_1992_DELIM-ZKPCLROVXPKMUKGQVKGE_1992-06-25                   0.03%    passed     99.97%
 141  KJ469605_1992_DELIM-ZKPCLROVXPKMUKGQVKGE_1992                         0.03%    passed     99.97%
 142  KJ469644_2001_DELIM-ZKPCLROVXPKMUKGQVKGE_2001                         0.03%    passed     99.67%
 143  KJ469629_2001_DELIM-ZKPCLROVXPKMUKGQVKGE_2001                         0.03%    passed     99.73%
 144  KJ469607_1990_DELIM-ZKPCLROVXPKMUKGQVKGE_1990                         0.03%    passed     99.98%
 145  KJ469564_1988_DELIM-ZKPCLROVXPKMUKGQVKGE_1988                         0.03%    passed     99.98%
 146  HM210094_1992_DELIM-ZKPCLROVXPKMUKGQVKGE_1992-08-17                   0.03%    passed     99.99%
 147  KJ469612_1998_DELIM-ZKPCLROVXPKMUKGQVKGE_1998                         0.03%    passed     99.97%
 148  KJ469608_1998_DELIM-ZKPCLROVXPKMUKGQVKGE_1998                         0.03%    passed     99.95%
 149  KX000144_2003_DELIM-ZKPCLROVXPKMUKGQVKGE_2003-09-29                   0.03%    passed     99.98%
 150  KJ469633_2000_DELIM-ZKPCLROVXPKMUKGQVKGE_2000                         0.03%    passed     99.99%
 151  KJ469570_2001_DELIM-ZKPCLROVXPKMUKGQVKGE_2001                         0.03%    passed     99.94%
 152  KU840379_2002_DELIM-ZKPCLROVXPKMUKGQVKGE_2002-11-01                   0.03%    passed     99.30%
 153  KJ469592_2002_DELIM-ZKPCLROVXPKMUKGQVKGE_2002                         0.03%    passed     99.30%
 154  KJ469560_2001_DELIM-ZKPCLROVXPKMUKGQVKGE_2001                         0.03%    passed     99.45%
 155  KU840314_2003_DELIM-ZKPCLROVXPKMUKGQVKGE_2003-07-14                   0.03%    passed     99.70%
 156  KU840373_2001_DELIM-ZKPCLROVXPKMUKGQVKGE_2001-07-12                   0.03%    passed     99.99%
 157  KU840336_2008_DELIM-ZKPCLROVXPKMUKGQVKGE_2008-04-21                   0.03%    passed     99.99%
 158  KU840321_2009_DELIM-ZKPCLROVXPKMUKGQVKGE_2009-06-23                   0.03%    passed     99.99%
 159  KU840299_2008_DELIM-ZKPCLROVXPKMUKGQVKGE_2008-05-06                   0.03%    passed     99.96%
 160  KU840322_2002_DELIM-ZKPCLROVXPKMUKGQVKGE_2002-05-15                   0.03%    passed     99.98%
 161  KU840293_2005_DELIM-ZKPCLROVXPKMUKGQVKGE_2005-05-22                   0.03%    passed     99.99%
 162  KU840346_2001_DELIM-ZKPCLROVXPKMUKGQVKGE_2001-07-24                   0.03%    passed     99.98%
 163  KJ469621_2003_DELIM-ZKPCLROVXPKMUKGQVKGE_2003                         0.03%    passed     99.98%
 164  KU840308_2005_DELIM-ZKPCLROVXPKMUKGQVKGE_2005-06-28                   0.03%    passed     99.95%
 165  KU840343_2002_DELIM-ZKPCLROVXPKMUKGQVKGE_2002-11-07                   0.03%    passed     99.93%
 166  KU840377_2004_DELIM-ZKPCLROVXPKMUKGQVKGE_2004-12-11                   0.03%    passed     99.99%
 167  KU840370_2002_DELIM-ZKPCLROVXPKMUKGQVKGE_2002-07-23                   0.03%    passed     99.99%
 168  KU840334_2010_DELIM-ZKPCLROVXPKMUKGQVKGE_2010-08-25                   0.03%    passed     99.98%
 169  15347-19_S82_2019_DELIM-ZKPCLROVXPKMUKGQVKGE_2019-10-10               0.03%    passed     99.95%
 170  10838-19_S61_2019_DELIM-ZKPCLROVXPKMUKGQVKGE_2019-08-21               0.03%    passed     99.95%
 171  12606-19_S70_2019_DELIM-ZKPCLROVXPKMUKGQVKGE_2019-09-04               0.03%    passed     99.97%
 172  12388-19_S69_2019_DELIM-ZKPCLROVXPKMUKGQVKGE_2019-09-03               0.03%    passed     99.93%
 173  10579-19_S60_2019_DELIM-ZKPCLROVXPKMUKGQVKGE_2019-08-20               0.03%    passed     99.97%
 174  8117-19_S54_2019_DELIM-ZKPCLROVXPKMUKGQVKGE_2019-07-31                0.03%    passed     99.97%
 175  13289-19_S72_2019_DELIM-ZKPCLROVXPKMUKGQVKGE_2019-09-11               0.04%    passed     99.97%
 176  11854-19_S67_2019_DELIM-ZKPCLROVXPKMUKGQVKGE_2019-08-28               0.03%    passed     99.44%
 177  10898-19_S62_2019_DELIM-ZKPCLROVXPKMUKGQVKGE_2019-08-21               0.03%    passed     99.44%
 178  11548-19_S65_2019_DELIM-ZKPCLROVXPKMUKGQVKGE_2019-08-27               0.03%    passed     99.55%
 179  KU840295_2003_DELIM-ZKPCLROVXPKMUKGQVKGE_2003-08-22                   0.03%    passed     99.96%
 180  KX000145_2003_DELIM-ZKPCLROVXPKMUKGQVKGE_2003-10-02                   0.03%    passed     99.82%
 181  KU840316_2001_DELIM-ZKPCLROVXPKMUKGQVKGE_2001-10-17                   0.03%    passed     99.97%
 182  KJ469572_2001_DELIM-ZKPCLROVXPKMUKGQVKGE_2001                         0.03%    passed     99.97%
 183  KU840310_2001_DELIM-ZKPCLROVXPKMUKGQVKGE_2001-08-15                   0.03%    passed     99.99%
 184  KX000163_2003_DELIM-ZKPCLROVXPKMUKGQVKGE_2003-09-24                   0.03%    passed     99.98%
 185  KX000079_2003_DELIM-ZKPCLROVXPKMUKGQVKGE_2003-09-24                   0.03%    passed    100.00%
 186  KX000169_2002_DELIM-ZKPCLROVXPKMUKGQVKGE_2002-10-07                   0.03%    passed     99.98%
 187  KU840329_2003_DELIM-ZKPCLROVXPKMUKGQVKGE_2003-04-01                   0.03%    passed    100.00%
 188  KU840356_2003_DELIM-ZKPCLROVXPKMUKGQVKGE_2003-06-10                   0.03%    passed     99.98%
 189  KJ469594_2003_DELIM-ZKPCLROVXPKMUKGQVKGE_2003                         0.03%    passed     99.98%
 190  KU840367_2002_DELIM-ZKPCLROVXPKMUKGQVKGE_2002-10-30                   0.03%    passed     99.19%
 191  KJ469585_2002_DELIM-ZKPCLROVXPKMUKGQVKGE_2002                         0.03%    passed     99.07%
 192  KU840366_2001_DELIM-ZKPCLROVXPKMUKGQVKGE_2001-08-13                   0.03%    passed     99.50%
 193  KX029318_2012_DELIM-ZKPCLROVXPKMUKGQVKGE_2005-08-17                   0.03%    passed     99.89%
 194  KX029292_2006_DELIM-ZKPCLROVXPKMUKGQVKGE_2006-07-31                   0.03%    passed     99.83%
 195  KX029259_2004_DELIM-ZKPCLROVXPKMUKGQVKGE_2004-08-04                   0.03%    passed     99.83%
 196  KX029246_2004_DELIM-ZKPCLROVXPKMUKGQVKGE_2004-07-28                   0.03%    passed     99.83%
 197  KX029261_2005_DELIM-ZKPCLROVXPKMUKGQVKGE_2005-07-25                   0.03%    passed     99.80%
 198  KX029280_2005_DELIM-ZKPCLROVXPKMUKGQVKGE_2005-09-05                   0.03%    passed     99.83%
 199  KX029272_2004_DELIM-ZKPCLROVXPKMUKGQVKGE_2004-08-18                   0.03%    passed     99.89%
 200  KX029310_2006_DELIM-ZKPCLROVXPKMUKGQVKGE_2006-08-14                   0.03%    passed     99.90%
 201  KX029231_2006_DELIM-ZKPCLROVXPKMUKGQVKGE_2006-08-02                   0.03%    passed     99.93%
 202  KX029251_2005_DELIM-ZKPCLROVXPKMUKGQVKGE_2005-08-08                   0.03%    passed     99.86%
 203  KX029305_2006_DELIM-ZKPCLROVXPKMUKGQVKGE_2006-08-14                   0.03%    passed     99.93%
 204  KX029249_2004_DELIM-ZKPCLROVXPKMUKGQVKGE_2004-08-18                   0.03%    passed     99.93%
 205  KX029314_2007_DELIM-ZKPCLROVXPKMUKGQVKGE_2007-08-13                   0.03%    passed     99.91%
 206  KX029300_2007_DELIM-ZKPCLROVXPKMUKGQVKGE_2007-09-26                   0.03%    passed     99.90%
 207  KX029241_2007_DELIM-ZKPCLROVXPKMUKGQVKGE_2007-10-05                   0.03%    passed     99.84%
 208  KX029237_2006_DELIM-ZKPCLROVXPKMUKGQVKGE_2006-08-02                   0.03%    passed     99.64%
 209  KX029315_2005_DELIM-ZKPCLROVXPKMUKGQVKGE_2005-09-27                   0.03%    passed     99.88%
 210  KX029253_2006_DELIM-ZKPCLROVXPKMUKGQVKGE_2006-10-02                   0.03%    passed     99.90%
 211  KX029247_2006_DELIM-ZKPCLROVXPKMUKGQVKGE_2006-08-11                   0.03%    passed     99.93%
 212  KX029276_2006_DELIM-ZKPCLROVXPKMUKGQVKGE_2006-07-17                   0.03%    passed     99.91%
 213  KX029262_2006_DELIM-ZKPCLROVXPKMUKGQVKGE_2006-07-26                   0.03%    passed     99.95%
 214  KX029265_2004_DELIM-ZKPCLROVXPKMUKGQVKGE_2004-09-24                   0.03%    passed     99.86%
 215  KX000229_2006_DELIM-ZKPCLROVXPKMUKGQVKGE_2006-08-24                   0.03%    passed     99.88%
 216  KX000190_2006_DELIM-ZKPCLROVXPKMUKGQVKGE_2006-09-13                   0.03%    passed     99.89%
 217  KX000147_2006_DELIM-ZKPCLROVXPKMUKGQVKGE_2006-08-08                   0.03%    passed     99.89%
 218  KX000112_2006_DELIM-ZKPCLROVXPKMUKGQVKGE_2006-08-17                   0.03%    passed     99.89%
 219  KX000188_2006_DELIM-ZKPCLROVXPKMUKGQVKGE_2006-07-26                   0.03%    passed     99.94%
 220  KX000176_2006_DELIM-ZKPCLROVXPKMUKGQVKGE_2006-09-11                   0.03%    passed     99.90%
 221  KX000097_2006_DELIM-ZKPCLROVXPKMUKGQVKGE_2006-09-14                   0.03%    passed     99.94%
 222  KX000068_2006_DELIM-ZKPCLROVXPKMUKGQVKGE_2006-08-03                   0.03%    passed     99.88%
 223  KX000057_2006_DELIM-ZKPCLROVXPKMUKGQVKGE_2006-07-26                   0.03%    passed     99.90%
 224  KX000150_2006_DELIM-ZKPCLROVXPKMUKGQVKGE_2006-08-16                   0.03%    passed     99.85%
 225  KX000087_2007_DELIM-ZKPCLROVXPKMUKGQVKGE_2007-07-26                   0.03%    passed     99.94%
 226  KX000081_2006_DELIM-ZKPCLROVXPKMUKGQVKGE_2006-09-21                   0.03%    passed     99.90%
 227  KX000187_2006_DELIM-ZKPCLROVXPKMUKGQVKGE_2006-08-15                   0.03%    passed     99.93%
 228  KX000088_2006_DELIM-ZKPCLROVXPKMUKGQVKGE_2006-08-28                   0.03%    passed     99.98%
 229  KX000186_2006_DELIM-ZKPCLROVXPKMUKGQVKGE_2006-08-10                   0.03%    passed     99.91%
 230  KX000055_2006_DELIM-ZKPCLROVXPKMUKGQVKGE_2006-09-27                   0.03%    passed     99.95%
 231  KX000214_2004_DELIM-ZKPCLROVXPKMUKGQVKGE_2004-09-09                   0.03%    passed     99.94%
 232  KX000203_2004_DELIM-ZKPCLROVXPKMUKGQVKGE_2004-07-30                   0.03%    passed     99.94%
 233  KX000193_2003_DELIM-ZKPCLROVXPKMUKGQVKGE_2003-09-16                   0.03%    passed     99.94%
 234  KX000061_2004_DELIM-ZKPCLROVXPKMUKGQVKGE_2004-08-17                   0.03%    passed     99.92%
 235  KX000098_2005_DELIM-ZKPCLROVXPKMUKGQVKGE_2005-07-19                   0.03%    passed     99.89%
 236  KX000052_2005_DELIM-ZKPCLROVXPKMUKGQVKGE_2005-08-18                   0.03%    passed     99.90%
 237  KX000199_2005_DELIM-ZKPCLROVXPKMUKGQVKGE_2005-08-21                   0.03%    passed     99.89%
 238  KX000170_2005_DELIM-ZKPCLROVXPKMUKGQVKGE_2005-07-19                   0.03%    passed     99.89%
 239  KX000104_2006_DELIM-ZKPCLROVXPKMUKGQVKGE_2006-09-19                   0.03%    passed     99.90%
 240  KX000077_2005_DELIM-ZKPCLROVXPKMUKGQVKGE_2005-09-24                   0.03%    passed     99.94%
 241  KJ469643_2005_DELIM-ZKPCLROVXPKMUKGQVKGE_2005                         0.03%    passed     99.84%
 242  KX000119_2003_DELIM-ZKPCLROVXPKMUKGQVKGE_2003-09-25                   0.03%    passed     99.96%
 243  KX000207_2006_DELIM-ZKPCLROVXPKMUKGQVKGE_2006-09-19                   0.03%    passed     99.96%
 244  KX000141_2004_DELIM-ZKPCLROVXPKMUKGQVKGE_2004-09-14                   0.03%    passed     99.93%
 245  KX000198_2006_DELIM-ZKPCLROVXPKMUKGQVKGE_2006-09-15                   0.03%    passed     99.84%
 246  KX000132_2006_DELIM-ZKPCLROVXPKMUKGQVKGE_2006-09-12                   0.03%    passed     99.94%
 247  KX000130_2004_DELIM-ZKPCLROVXPKMUKGQVKGE_2004-09-24                   0.03%    passed     99.88%
 248  KX000124_2004_DELIM-ZKPCLROVXPKMUKGQVKGE_2004-10-10                   0.03%    passed     99.94%
 249  KX000192_2004_DELIM-ZKPCLROVXPKMUKGQVKGE_2004-08-20                   0.03%    passed     99.89%
 250  KX000152_2004_DELIM-ZKPCLROVXPKMUKGQVKGE_2004-09-21                   0.03%    passed     99.85%
 251  KX000100_2004_DELIM-ZKPCLROVXPKMUKGQVKGE_2004-08-19                   0.03%    passed     99.80%
 252  KX000136_2005_DELIM-ZKPCLROVXPKMUKGQVKGE_2005-08-19                   0.03%    passed     99.92%
 253  KX000165_2005_DELIM-ZKPCLROVXPKMUKGQVKGE_2005-09-28                   0.03%    passed     99.99%
 254  KX000085_2006_DELIM-ZKPCLROVXPKMUKGQVKGE_2006-09-11                   2.77%    passed     99.24%
 255  KX000215_2007_DELIM-ZKPCLROVXPKMUKGQVKGE_2007-07-11                   0.03%    passed     99.84%
 256  KX000196_2007_DELIM-ZKPCLROVXPKMUKGQVKGE_2007-07-25                   0.03%    passed     99.84%
 257  KX000185_2007_DELIM-ZKPCLROVXPKMUKGQVKGE_2007-06-25                   0.03%    passed     99.84%
 258  KX000171_2007_DELIM-ZKPCLROVXPKMUKGQVKGE_2007-07-11                   0.03%    passed     99.84%
 259  KX000156_2007_DELIM-ZKPCLROVXPKMUKGQVKGE_2007-07-16                   0.03%    passed     99.84%
 260  KX000115_2007_DELIM-ZKPCLROVXPKMUKGQVKGE_2007-07-09                   0.03%    passed     99.84%
 261  KX000106_2007_DELIM-ZKPCLROVXPKMUKGQVKGE_2007-07-18                   0.03%    passed     99.84%
 262  KX000175_2006_DELIM-ZKPCLROVXPKMUKGQVKGE_2006-08-03                   0.69%    passed     99.86%
 263  KU840364_2005_DELIM-ZKPCLROVXPKMUKGQVKGE_2005-05-19                   0.03%    passed     99.90%
 264  KU840349_2002_DELIM-ZKPCLROVXPKMUKGQVKGE_2002-11-19                   0.03%    passed     99.98%
 265  KX000101_2002_DELIM-ZKPCLROVXPKMUKGQVKGE_2002-10-16                   0.05%    passed     99.92%
 266  SL19-1569_S35_2019_DELIM-ZKPCLROVXPKMUKGQVKGE_2019-08-29              0.03%    passed     99.80%
 267  SL19-1516_S33_2019_DELIM-ZKPCLROVXPKMUKGQVKGE_2019-08-25              0.03%    passed     99.88%
 268  19350-18_S53_2018_DELIM-ZKPCLROVXPKMUKGQVKGE_2018-10-09               0.03%    passed     99.94%
 269  17667-18_S50_2018_DELIM-ZKPCLROVXPKMUKGQVKGE_2018-09-19               0.03%    passed     99.96%
 270  18341-18_S51_2018_DELIM-ZKPCLROVXPKMUKGQVKGE_2018-09-26               0.03%    passed     99.89%
 271  13966-17_S46_2017_DELIM-ZKPCLROVXPKMUKGQVKGE_2017-10-05               0.03%    passed     99.94%
 272  18694-18_S52_2018_DELIM-ZKPCLROVXPKMUKGQVKGE_2018-10-01               0.03%    passed     99.94%
 273  14098-17_S47_2017_DELIM-ZKPCLROVXPKMUKGQVKGE_2017-10-11               0.03%    passed     99.98%
 274  KX029269_2013_DELIM-ZKPCLROVXPKMUKGQVKGE_2013-09-12                   0.03%    passed     99.92%
 275  ARB17MS510915_S16_2017_DELIM-ZKPCLROVXPKMUKGQVKGE_2017-08-16          0.03%    passed     99.79%
 276  KU840359_2009_DELIM-ZKPCLROVXPKMUKGQVKGE_2009-06-05                   0.03%    passed     99.97%
 277  KU840339_2013_DELIM-ZKPCLROVXPKMUKGQVKGE_2013-04-08                   0.03%    passed     99.95%
 278  KU840298_2013_DELIM-ZKPCLROVXPKMUKGQVKGE_2013-04-08                   0.03%    passed     99.95%
 279  KU840292_2013_DELIM-ZKPCLROVXPKMUKGQVKGE_2013-01-08                   0.03%    passed     99.99%
 280  SL19-1219_S41_2019_DELIM-ZKPCLROVXPKMUKGQVKGE_2019-08-07              0.03%    passed    100.00%
 281  NM19-0698_S39_2019_DELIM-ZKPCLROVXPKMUKGQVKGE_2019-09-23              0.03%    passed    100.00%
 282  SL18-1166_S27_2018_DELIM-ZKPCLROVXPKMUKGQVKGE_2018-09-17              0.03%    passed     99.84%
 283  9180-19_S55_2019_DELIM-ZKPCLROVXPKMUKGQVKGE_2019-08-08                0.03%    passed     99.92%
 284  ARB18MS350318_S22_2018_DELIM-ZKPCLROVXPKMUKGQVKGE_2018-09-20          0.03%    passed     99.92%
 285  14759-19_S80_2019_DELIM-ZKPCLROVXPKMUKGQVKGE_2019-09-30               0.03%    passed     99.99%
 286  10229-19-19_S57_2019_DELIM-ZKPCLROVXPKMUKGQVKGE_2019-08-19            0.03%    passed     99.99%
 287  12004-19_S68_2019_DELIM-ZKPCLROVXPKMUKGQVKGE_2019-08-29               0.03%    passed     99.99%
 288  14275-19_S74_2019_DELIM-ZKPCLROVXPKMUKGQVKGE_2019-09-23               0.03%    passed     99.99%
 289  19VX2817_S42_2019_DELIM-ZKPCLROVXPKMUKGQVKGE_2019-08-28               0.03%    passed     99.97%
 290  CM19-2280_S38_2019_DELIM-ZKPCLROVXPKMUKGQVKGE_2019-09-24              0.03%    passed    100.00%
 291  KU840327_2010_DELIM-ZKPCLROVXPKMUKGQVKGE_2010-08-31                   0.03%    passed     99.99%
 292  11309-19_S63_2019_DELIM-ZKPCLROVXPKMUKGQVKGE_2019-08-26               0.03%    passed     99.85%
 293  KX000222_2005_DELIM-ZKPCLROVXPKMUKGQVKGE_2005-07-27                   0.03%    passed     99.79%
 294  KJ659366_2007_DELIM-ZKPCLROVXPKMUKGQVKGE_2007                         0.03%    passed     99.67%
 295  KU840303_2005_DELIM-ZKPCLROVXPKMUKGQVKGE_2005-07-18                   0.03%    passed     99.92%
 296  HM210095_2008_DELIM-ZKPCLROVXPKMUKGQVKGE_2008-02-13                   0.03%    passed     99.92%
 297  KX000179_2009_DELIM-ZKPCLROVXPKMUKGQVKGE_2009-09-29                   0.03%    passed     99.99%
 298  SL19-1332_S31_2019_DELIM-ZKPCLROVXPKMUKGQVKGE_2019-08-13              0.03%    passed     99.98%
 299  SL19-1319_S32_2019_DELIM-ZKPCLROVXPKMUKGQVKGE_2019-08-13              0.03%    passed     99.96%
 300  CC19-0533_S36_2019_DELIM-ZKPCLROVXPKMUKGQVKGE_2019-09-10              0.03%    passed     99.98%
 301  SL19-0643_S40_2019_DELIM-ZKPCLROVXPKMUKGQVKGE_2019-07-22              0.03%    passed     99.98%
 302  CC19-0548_S37_2019_DELIM-ZKPCLROVXPKMUKGQVKGE_2019-09-12              0.03%    passed     99.99%
 303  SL19-0635_S29_2019_DELIM-ZKPCLROVXPKMUKGQVKGE_2019-07-22              0.03%    passed     99.96%
 304  SL18-1204_S28_2018_DELIM-ZKPCLROVXPKMUKGQVKGE_2018-09-26              0.03%    passed     99.63%
 305  13866-19_S73_2019_DELIM-ZKPCLROVXPKMUKGQVKGE_2019-09-17               0.03%    passed     99.57%
 306  18VX3174_S43_2018_DELIM-ZKPCLROVXPKMUKGQVKGE_2018-11-01               0.03%    passed     99.68%
 307  18VX2715_S44_2018_DELIM-ZKPCLROVXPKMUKGQVKGE_2018-09-19               0.03%    passed     99.80%
 308  ARB15MS330683_S8_2015_DELIM-ZKPCLROVXPKMUKGQVKGE_2015-09-01           0.03%    passed     99.88%
 309  RAB19ANI05450_S3_2019_DELIM-ZKPCLROVXPKMUKGQVKGE_2019-08-27           0.03%    passed     99.79%
 310  KU840338_2014_DELIM-ZKPCLROVXPKMUKGQVKGE_2014-06-21                   0.03%    passed     99.71%
 311  KU840313_2010_DELIM-ZKPCLROVXPKMUKGQVKGE_2010-06-15                   0.03%    passed     99.86%
 312  14661-19_S79_2019_DELIM-ZKPCLROVXPKMUKGQVKGE_2019-09-26               0.03%    passed     99.89%
 313  10084-19_S56_2019_DELIM-ZKPCLROVXPKMUKGQVKGE_2019-08-15               0.03%    passed     99.89%
 314  KU840341_2013_DELIM-ZKPCLROVXPKMUKGQVKGE_2013-12-12                   0.03%    passed     99.85%
 315  KU840352_2013_DELIM-ZKPCLROVXPKMUKGQVKGE_2013-05-26                   0.03%    passed     99.97%
 316  RAB19ANI04511_S25_2019_DELIM-ZKPCLROVXPKMUKGQVKGE_2019-08-13          0.03%    passed     99.94%
 317  ARB17MS370250_S26_2017_DELIM-ZKPCLROVXPKMUKGQVKGE_2017-07-26          0.03%    passed     99.93%
 318  ARB17MS330746_S18_2017_DELIM-ZKPCLROVXPKMUKGQVKGE_2017-09-26          0.03%    passed     99.93%
 319  ARB17MS260236_S17_2017_DELIM-ZKPCLROVXPKMUKGQVKGE_2017-09-19          0.03%    passed     99.94%
 320  16370365_S13_2016_DELIM-ZKPCLROVXPKMUKGQVKGE_2016-08-17               0.03%    passed     99.94%
 321  ARB18MS330453_S21_2018_DELIM-ZKPCLROVXPKMUKGQVKGE_2018-08-07          0.03%    passed     99.91%
 322  ARB18MS330394_S19_2018_DELIM-ZKPCLROVXPKMUKGQVKGE_2018-07-31          0.03%    passed     99.91%
 323  ARB18MS370301_S20_2018_DELIM-ZKPCLROVXPKMUKGQVKGE_2018-07-30          0.03%    passed     99.92%
 324  KX029242_2013_DELIM-ZKPCLROVXPKMUKGQVKGE_2013-08-19                   0.03%    passed     99.95%
 325  KX029239_2013_DELIM-ZKPCLROVXPKMUKGQVKGE_2013-08-21                   0.03%    passed     99.93%
 326  KX029309_2004_DELIM-ZKPCLROVXPKMUKGQVKGE_2004-10-01                   0.03%    passed     99.97%
 327  KX029289_2006_DELIM-ZKPCLROVXPKMUKGQVKGE_2006-08-09                   0.03%    passed     99.97%
 328  KP282670_2005_DELIM-ZKPCLROVXPKMUKGQVKGE_2005                         0.03%    passed     99.97%
 329  KJ469556_2005_DELIM-ZKPCLROVXPKMUKGQVKGE_2005                         0.03%    passed     99.99%
 330  KX029303_2005_DELIM-ZKPCLROVXPKMUKGQVKGE_2005-08-24                   0.03%    passed     99.97%
 331  KX029252_2007_DELIM-ZKPCLROVXPKMUKGQVKGE_2007-07-04                   0.03%    passed     99.97%
 332  KX029297_2006_DELIM-ZKPCLROVXPKMUKGQVKGE_2006-09-20                   0.03%    passed     99.99%
 333  KX029266_2006_DELIM-ZKPCLROVXPKMUKGQVKGE_2006-09-13                   0.03%    passed     99.98%
 334  KJ469631_2005_DELIM-ZKPCLROVXPKMUKGQVKGE_2005                         0.03%    passed     99.99%
 335  KU840362_2005_DELIM-ZKPCLROVXPKMUKGQVKGE_2005-07-01                   0.03%    passed     99.94%
 336  KU840358_2003_DELIM-ZKPCLROVXPKMUKGQVKGE_2003-05-19                   0.03%    passed     99.98%
 337  KU840340_2003_DELIM-ZKPCLROVXPKMUKGQVKGE_2003-06-26                   0.03%    passed     99.99%
 338  KU840333_2008_DELIM-ZKPCLROVXPKMUKGQVKGE_2008-02-13                   0.03%    passed     99.86%
 339  KU840326_2004_DELIM-ZKPCLROVXPKMUKGQVKGE_2004-06-15                   0.03%    passed     99.99%
 340  KX000231_2010_DELIM-ZKPCLROVXPKMUKGQVKGE_2010-08-31                   0.03%    passed     99.94%
 341  KX000168_2009_DELIM-ZKPCLROVXPKMUKGQVKGE_2009-07-29                   0.03%    passed     99.94%
 342  KX000164_2009_DELIM-ZKPCLROVXPKMUKGQVKGE_2009-09-03                   0.03%    passed     99.94%
 343  KX000080_2010_DELIM-ZKPCLROVXPKMUKGQVKGE_2010-08-24                   0.03%    passed     99.94%
 344  KX000074_2009_DELIM-ZKPCLROVXPKMUKGQVKGE_2009-08-27                   0.03%    passed     99.94%
 345  KX000054_2010_DELIM-ZKPCLROVXPKMUKGQVKGE_2010-08-19                   0.03%    passed     99.94%
 346  KX000048_2010_DELIM-ZKPCLROVXPKMUKGQVKGE_2010-06-30                   0.03%    passed     99.94%
 347  KX000227_2009_DELIM-ZKPCLROVXPKMUKGQVKGE_2009-08-13                   0.03%    passed     99.97%
 348  KX000211_2009_DELIM-ZKPCLROVXPKMUKGQVKGE_2009-09-22                   0.03%    passed     99.89%
 349  KX000195_2011_DELIM-ZKPCLROVXPKMUKGQVKGE_2011-08-22                   0.03%    passed     99.94%
 350  KX000140_2010_DELIM-ZKPCLROVXPKMUKGQVKGE_2010-08-20                   0.03%    passed     99.94%
 351  KX000183_2009_DELIM-ZKPCLROVXPKMUKGQVKGE_2009-09-14                   0.03%    passed     99.89%
 352  KX000127_2010_DELIM-ZKPCLROVXPKMUKGQVKGE_2010-08-24                   0.03%    passed     99.93%
 353  KX000063_2009_DELIM-ZKPCLROVXPKMUKGQVKGE_2009-08-26                   0.03%    passed     99.89%
 354  KX000056_2010_DELIM-ZKPCLROVXPKMUKGQVKGE_2010-08-19                   0.03%    passed     99.94%
 355  KX000221_2011_DELIM-ZKPCLROVXPKMUKGQVKGE_2011-07-21                   0.03%    passed     99.97%
 356  KX000058_2011_DELIM-ZKPCLROVXPKMUKGQVKGE_2011-08-17                   0.03%    passed     99.97%
 357  KX000219_2010_DELIM-ZKPCLROVXPKMUKGQVKGE_2010-08-31                   0.03%    passed     99.94%
 358  KX000129_2011_DELIM-ZKPCLROVXPKMUKGQVKGE_2011-08-17                   0.03%    passed     99.94%
 359  KX000174_2011_DELIM-ZKPCLROVXPKMUKGQVKGE_2011-08-09                   0.03%    passed     99.97%
 360  KX000094_2011_DELIM-ZKPCLROVXPKMUKGQVKGE_2011-09-12                   0.03%    passed     99.92%
 361  KX000224_2011_DELIM-ZKPCLROVXPKMUKGQVKGE_2011-08-20                   0.03%    passed     99.96%
 362  KX000191_2010_DELIM-ZKPCLROVXPKMUKGQVKGE_2010-09-23                   0.03%    passed     99.93%
 363  KX000189_2010_DELIM-ZKPCLROVXPKMUKGQVKGE_2010-09-08                   0.03%    passed     99.94%
 364  KX000172_2010_DELIM-ZKPCLROVXPKMUKGQVKGE_2010-09-02                   0.03%    passed     99.83%
 365  KX000070_2008_DELIM-ZKPCLROVXPKMUKGQVKGE_2008-09-16                   0.03%    passed     99.94%
 366  KX000181_2014_DELIM-ZKPCLROVXPKMUKGQVKGE_2014-08-06                   0.03%    passed     99.95%
 367  KX000226_2009_DELIM-ZKPCLROVXPKMUKGQVKGE_2009-08-06                   0.03%    passed     99.94%
 368  KX000217_2009_DELIM-ZKPCLROVXPKMUKGQVKGE_2009-07-28                   0.03%    passed     99.94%
 369  KX000216_2006_DELIM-ZKPCLROVXPKMUKGQVKGE_2006-08-03                   0.03%    passed     99.94%
 370  KX000177_2009_DELIM-ZKPCLROVXPKMUKGQVKGE_2009-08-13                   0.03%    passed     99.94%
 371  KX000067_2009_DELIM-ZKPCLROVXPKMUKGQVKGE_2009-07-23                   0.03%    passed     99.94%
 372  KX000202_2009_DELIM-ZKPCLROVXPKMUKGQVKGE_2009-09-03                   0.03%    passed     99.94%
 373  KX000151_2009_DELIM-ZKPCLROVXPKMUKGQVKGE_2009-08-13                   0.03%    passed     99.97%
 374  KX000213_2008_DELIM-ZKPCLROVXPKMUKGQVKGE_2008-08-26                   0.03%    passed     99.94%
 375  KX000180_2008_DELIM-ZKPCLROVXPKMUKGQVKGE_2008-09-18                   0.03%    passed     99.93%
 376  KX000173_2008_DELIM-ZKPCLROVXPKMUKGQVKGE_2008-08-27                   0.03%    passed     99.94%
 377  KX000125_2008_DELIM-ZKPCLROVXPKMUKGQVKGE_2008-08-18                   0.03%    passed     99.94%
 378  KX000105_2008_DELIM-ZKPCLROVXPKMUKGQVKGE_2008-10-02                   0.03%    passed     99.95%
 379  KX000128_2009_DELIM-ZKPCLROVXPKMUKGQVKGE_2009-08-27                   0.03%    passed     99.98%
 380  KX000107_2009_DELIM-ZKPCLROVXPKMUKGQVKGE_2009-09-08                   0.03%    passed     99.97%
 381  KX000159_2008_DELIM-ZKPCLROVXPKMUKGQVKGE_2008-08-28                   0.03%    passed     99.83%
 382  KX000117_2008_DELIM-ZKPCLROVXPKMUKGQVKGE_2008-08-28                   0.03%    passed     99.83%
 383  KX000131_2008_DELIM-ZKPCLROVXPKMUKGQVKGE_2008-09-30                   0.03%    passed     99.96%
 384  KX000208_2010_DELIM-ZKPCLROVXPKMUKGQVKGE_2010-09-08                   0.03%    passed     99.89%
 385  KX000059_2009_DELIM-ZKPCLROVXPKMUKGQVKGE_2009-08-18                   0.03%    passed     99.99%
 386  KX000090_2010_DELIM-ZKPCLROVXPKMUKGQVKGE_2010-09-09                   0.03%    passed     99.98%
 387  KX000209_2011_DELIM-ZKPCLROVXPKMUKGQVKGE_2011-09-07                   0.03%    passed     99.82%
 388  KX000134_2011_DELIM-ZKPCLROVXPKMUKGQVKGE_2011-08-18                   0.03%    passed     99.79%
 389  KX000096_2011_DELIM-ZKPCLROVXPKMUKGQVKGE_2011-09-27                   0.03%    passed     99.89%
 390  KX000210_2010_DELIM-ZKPCLROVXPKMUKGQVKGE_2010-09-29                   0.03%    passed     99.99%
 391  KX000220_2011_DELIM-ZKPCLROVXPKMUKGQVKGE_2011-08-24                   0.03%    passed     99.87%
 392  KX000200_2011_DELIM-ZKPCLROVXPKMUKGQVKGE_2011-08-18                   0.03%    passed     99.92%
 393  KX000161_2011_DELIM-ZKPCLROVXPKMUKGQVKGE_2011-07-18                   0.03%    passed     99.92%
 394  KX000110_2011_DELIM-ZKPCLROVXPKMUKGQVKGE_2011-08-10                   0.03%    passed     99.92%
 395  KX000166_2011_DELIM-ZKPCLROVXPKMUKGQVKGE_2011-08-16                   0.03%    passed     99.83%
 396  KX000154_2011_DELIM-ZKPCLROVXPKMUKGQVKGE_2011-08-03                   0.04%    passed     99.87%
 397  KX000205_2010_DELIM-ZKPCLROVXPKMUKGQVKGE_2010-08-12                   0.03%    passed     99.96%
 398  KX000201_2012_DELIM-ZKPCLROVXPKMUKGQVKGE_2012-08-29                   0.03%    passed     99.95%
 399  KX000138_2011_DELIM-ZKPCLROVXPKMUKGQVKGE_2011-07-27                   0.03%    passed     99.98%
 400  KX000049_2011_DELIM-ZKPCLROVXPKMUKGQVKGE_2011-07-27                   0.03%    passed     99.99%
 401  KX000062_2011_DELIM-ZKPCLROVXPKMUKGQVKGE_2011-08-25                   0.03%    passed     99.93%
 402  KX000158_2011_DELIM-ZKPCLROVXPKMUKGQVKGE_2011-08-11                   0.05%    passed     99.90%
 403  KX000228_2010_DELIM-ZKPCLROVXPKMUKGQVKGE_2010-08-30                   0.03%    passed     99.91%
 404  KX000064_2009_DELIM-ZKPCLROVXPKMUKGQVKGE_2009-09-25                   0.03%    passed     99.99%
 405  KX000086_2002_DELIM-ZKPCLROVXPKMUKGQVKGE_2002-10-11                   0.03%    passed     99.93%
 406  KU840342_2001_DELIM-ZKPCLROVXPKMUKGQVKGE_2001-06-28                   0.03%    passed     99.89%
 407  KU840317_2001_DELIM-ZKPCLROVXPKMUKGQVKGE_2001-11-21                   0.03%    passed     99.95%
 408  KJ469597_2001_DELIM-ZKPCLROVXPKMUKGQVKGE_2001                         0.03%    passed     99.95%
 409  KX000204_2007_DELIM-ZKPCLROVXPKMUKGQVKGE_2007-04-26                   0.03%    passed     99.92%
 410  KX000162_2009_DELIM-ZKPCLROVXPKMUKGQVKGE_2009-09-22                   0.03%    passed     99.75%
 411  KU840345_2007_DELIM-ZKPCLROVXPKMUKGQVKGE_2007-12-18                   0.03%    passed     99.98%
 412  KJ469613_2003_DELIM-ZKPCLROVXPKMUKGQVKGE_2003                         0.03%    passed     99.97%
 413  KJ469606_2004_DELIM-ZKPCLROVXPKMUKGQVKGE_2004                         0.03%    passed     99.97%
 414  KJ469584_2004_DELIM-ZKPCLROVXPKMUKGQVKGE_2004                         0.03%    passed     99.94%
 415  KJ469588_2005_DELIM-ZKPCLROVXPKMUKGQVKGE_2005                         0.03%    passed     99.97%
 416  KJ469562_2005_DELIM-ZKPCLROVXPKMUKGQVKGE_2005                         0.03%    passed     99.94%
 417  KX000155_2003_DELIM-ZKPCLROVXPKMUKGQVKGE_2003-10-22                   0.03%    passed     99.98%
 418  KU840309_2001_DELIM-ZKPCLROVXPKMUKGQVKGE_2001-07-24                   0.03%    passed     99.97%
 419  KJ469628_2001_DELIM-ZKPCLROVXPKMUKGQVKGE_2001                         0.03%    passed     99.91%
 420  KX000122_2003_DELIM-ZKPCLROVXPKMUKGQVKGE_2003-10-02                   0.03%    passed     99.97%
 421  KJ469642_2003_DELIM-ZKPCLROVXPKMUKGQVKGE_2003                         0.03%    passed     99.92%
 422  KJ469582_2003_DELIM-ZKPCLROVXPKMUKGQVKGE_2003                         0.03%    passed     99.95%
 423  KX000102_2003_DELIM-ZKPCLROVXPKMUKGQVKGE_2003-09-30                   0.03%    passed     99.89%
 424  KU840332_2003_DELIM-ZKPCLROVXPKMUKGQVKGE_2003-04-22                   0.03%    passed     99.92%
 425  KU840305_2003_DELIM-ZKPCLROVXPKMUKGQVKGE_2003-05-06                   0.03%    passed     99.94%
 426  KJ469555_2003_DELIM-ZKPCLROVXPKMUKGQVKGE_2003                         0.03%    passed     99.77%
 427  KU840350_2005_DELIM-ZKPCLROVXPKMUKGQVKGE_2005-05-26                   0.03%    passed     99.91%
 428  KJ469568_2005_DELIM-ZKPCLROVXPKMUKGQVKGE_2005                         0.03%    passed     99.91%
 429  HM210097_2005_DELIM-ZKPCLROVXPKMUKGQVKGE_2005-05-26                   0.03%    passed     99.93%
 430  KU840296_2004_DELIM-ZKPCLROVXPKMUKGQVKGE_2004-06-09                   0.03%    passed     99.99%
 431  KU840375_2001_DELIM-ZKPCLROVXPKMUKGQVKGE_2001-06-25                   0.03%    passed     99.73%
 432  KJ469591_2001_DELIM-ZKPCLROVXPKMUKGQVKGE_2001                         0.03%    passed     99.73%
 433  KX029294_2009_DELIM-ZKPCLROVXPKMUKGQVKGE_2009-09-22                   0.03%    passed     99.96%
 434  KX029290_2010_DELIM-ZKPCLROVXPKMUKGQVKGE_2010-08-20                   0.03%    passed     99.97%
 435  KX029268_2009_DELIM-ZKPCLROVXPKMUKGQVKGE_2009-08-19                   0.03%    passed     99.97%
 436  KU840304_2008_DELIM-ZKPCLROVXPKMUKGQVKGE_2008-08-07                   0.03%    passed     99.75%
 437  KJ469619_2007_DELIM-ZKPCLROVXPKMUKGQVKGE_2007                         0.03%    passed     99.93%
 438  KX000082_2009_DELIM-ZKPCLROVXPKMUKGQVKGE_2009-09-23                   0.03%    passed     99.64%
 439  KU840300_2010_DELIM-ZKPCLROVXPKMUKGQVKGE_2010-05-11                   0.03%    passed     99.98%
 440  KJ469618_2008_DELIM-ZKPCLROVXPKMUKGQVKGE_2008                         0.03%    passed     99.98%
 441  KJ469647_2008_DELIM-ZKPCLROVXPKMUKGQVKGE_2008                         0.03%    passed     99.84%
 442  KX029283_2012_DELIM-ZKPCLROVXPKMUKGQVKGE_2012-09-05                   0.04%    passed     99.99%
 443  KX029256_2013_DELIM-ZKPCLROVXPKMUKGQVKGE_2013-09-03                   0.04%    passed     99.99%
 444  KX000206_2012_DELIM-ZKPCLROVXPKMUKGQVKGE_2012-08-24                   0.04%    passed     99.99%
 445  KX029235_2013_DELIM-ZKPCLROVXPKMUKGQVKGE_2013-08-26                   0.04%    passed     99.96%
 446  RAB15ANI05176_2015_DELIM-ZKPCLROVXPKMUKGQVKGE_2015-09-24              0.03%    passed     99.84%
 447  RAB15ANI04939_2015_DELIM-ZKPCLROVXPKMUKGQVKGE_2015-09-02              0.03%    passed     99.79%
 448  KX000212_2014_DELIM-ZKPCLROVXPKMUKGQVKGE_2014-07-29                   0.03%    passed     99.99%
 449  KX000126_2014_DELIM-ZKPCLROVXPKMUKGQVKGE_2014-09-06                   0.03%    passed    100.00%
 450  KX000149_2014_DELIM-ZKPCLROVXPKMUKGQVKGE_2014-08-07                   0.03%    passed     99.99%
 451  KU840355_2014_DELIM-ZKPCLROVXPKMUKGQVKGE_2014-08-18                   0.03%    passed     99.92%
 452  KX000148_2013_DELIM-ZKPCLROVXPKMUKGQVKGE_2013-07-29                   0.03%    passed     99.99%
 453  KX000103_2013_DELIM-ZKPCLROVXPKMUKGQVKGE_2013-08-14                   0.03%    passed     99.99%
 454  KX000073_2013_DELIM-ZKPCLROVXPKMUKGQVKGE_2013-08-23                   0.03%    passed     99.99%
 455  KX000084_2013_DELIM-ZKPCLROVXPKMUKGQVKGE_2013-08-05                   0.03%    passed     99.99%
 456  KX000108_2013_DELIM-ZKPCLROVXPKMUKGQVKGE_2013-09-07                   0.03%    passed     99.99%
 457  KX000139_2013_DELIM-ZKPCLROVXPKMUKGQVKGE_2013-08-25                   0.03%    passed     99.98%
 458  KX000113_2013_DELIM-ZKPCLROVXPKMUKGQVKGE_2013-08-05                   0.03%    passed     99.98%
 459  KU840315_2008_DELIM-ZKPCLROVXPKMUKGQVKGE_2008-06-13                   0.03%    passed     99.99%
 460  KU840348_2005_DELIM-ZKPCLROVXPKMUKGQVKGE_2005-05-25                   0.03%    passed    100.00%
 461  KU840325_2005_DELIM-ZKPCLROVXPKMUKGQVKGE_2005-06-23                   0.03%    passed     99.99%
 462  KJ469651_2003_DELIM-ZKPCLROVXPKMUKGQVKGE_2003                         0.03%    passed     99.97%
 463  KJ469646_2004_DELIM-ZKPCLROVXPKMUKGQVKGE_2004                         0.03%    passed     99.98%
 464  KJ469632_2004_DELIM-ZKPCLROVXPKMUKGQVKGE_2004                         0.03%    passed     99.98%
 465  KU840324_2010_DELIM-ZKPCLROVXPKMUKGQVKGE_2010-08-18                   0.03%    passed     99.60%
 466  RAB16ANI06320-01-00_S15_2016_DELIM-ZKPCLROVXPKMUKGQVKGE_2016-10-21    0.03%    passed     99.35%
 467  KX000223_2014_DELIM-ZKPCLROVXPKMUKGQVKGE_2014-07-31                   0.03%    passed     99.87%
 468  KX000178_2013_DELIM-ZKPCLROVXPKMUKGQVKGE_2013-09-10                   0.03%    passed     99.89%
 469  KX000142_2013_DELIM-ZKPCLROVXPKMUKGQVKGE_2013-10-01                   0.03%    passed     99.91%
 470  KX000116_2014_DELIM-ZKPCLROVXPKMUKGQVKGE_2014-09-03                   0.03%    passed     99.91%
 471  KX000167_2013_DELIM-ZKPCLROVXPKMUKGQVKGE_2013-08-22                   0.03%    passed     99.89%
 472  KX000143_2014_DELIM-ZKPCLROVXPKMUKGQVKGE_2014-09-08                   0.03%    passed     99.89%
 473  KX000133_2014_DELIM-ZKPCLROVXPKMUKGQVKGE_2014-08-05                   0.03%    passed     99.95%
 474  KX000093_2014_DELIM-ZKPCLROVXPKMUKGQVKGE_2014-07-29                   0.03%    passed     99.89%
 475  KX000060_2014_DELIM-ZKPCLROVXPKMUKGQVKGE_2014-09-03                   0.03%    passed     99.95%
 476  KX000109_2014_DELIM-ZKPCLROVXPKMUKGQVKGE_2014-07-30                   0.03%    passed     99.92%
 477  KX000083_2013_DELIM-ZKPCLROVXPKMUKGQVKGE_2013-08-13                   0.03%    passed     99.85%
 478  KX000118_2013_DELIM-ZKPCLROVXPKMUKGQVKGE_2013-10-03                   0.03%    passed     99.93%
 479  KX000194_2013_DELIM-ZKPCLROVXPKMUKGQVKGE_2013-09-10                   0.16%    passed     99.95%
 480  14229-17_S49_2017_DELIM-ZKPCLROVXPKMUKGQVKGE_2017-10-25               0.03%    passed     99.52%
 481  KU840376_2012_DELIM-ZKPCLROVXPKMUKGQVKGE_2012-06-26                   0.03%    passed     99.91%
 482  KX000123_2014_DELIM-ZKPCLROVXPKMUKGQVKGE_2014-09-03                   0.08%    passed     99.84%
 483  KX000121_2014_DELIM-ZKPCLROVXPKMUKGQVKGE_2014-09-08                   0.08%    passed     99.73%
 484  11357-16_S45_2016_DELIM-ZKPCLROVXPKMUKGQVKGE_2016-09-12               0.03%    passed     99.64%
 485  15435-19_S83_2019_DELIM-ZKPCLROVXPKMUKGQVKGE_2019-10-17               0.03%    passed     99.87%
 486  14311-19_S78_2019_DELIM-ZKPCLROVXPKMUKGQVKGE_2019-09-23               0.03%    passed     99.63%
 487  14117-19_S75_2019_DELIM-ZKPCLROVXPKMUKGQVKGE_2019-09-23               0.03%    passed     99.63%
 488  12670-19_S71_2019_DELIM-ZKPCLROVXPKMUKGQVKGE_2019-09-05               0.03%    passed     99.93%
 489  15191-19_S81_2019_DELIM-ZKPCLROVXPKMUKGQVKGE_2019-10-07               0.03%    passed     99.06%
 490  11403-19_S64_2019_DELIM-ZKPCLROVXPKMUKGQVKGE_2019-08-27               0.03%    passed     98.96%
 491  10529-19_S59_2019_DELIM-ZKPCLROVXPKMUKGQVKGE_2019-08-20               0.03%    passed     98.96%
 492  14149-19_S76_2019_DELIM-ZKPCLROVXPKMUKGQVKGE_2019-09-23               0.03%    passed     99.02%
 493  11716-19_S66_2019_DELIM-ZKPCLROVXPKMUKGQVKGE_2019-08-28               0.03%    passed     99.02%
 494  10278-19_S58_2019_DELIM-ZKPCLROVXPKMUKGQVKGE_2019-08-19               0.03%    passed     99.02%
 495  KU840301_2014_DELIM-ZKPCLROVXPKMUKGQVKGE_2014-06-18                   0.03%    passed     99.89%
 496  KU840374_2013_DELIM-ZKPCLROVXPKMUKGQVKGE_2013-09-27                   0.03%    passed     99.73%
 497  KU840363_1994_DELIM-ZKPCLROVXPKMUKGQVKGE_1994-03-27                   0.03%    passed     99.98%
 498  HM210096_1994_DELIM-ZKPCLROVXPKMUKGQVKGE_1994-03-27                   0.03%    passed     99.98%
 499  KJ469602_1996_DELIM-ZKPCLROVXPKMUKGQVKGE_1996                         0.03%    passed     99.94%
 500  KJ469616_1994_DELIM-ZKPCLROVXPKMUKGQVKGE_1994                         0.03%    passed     99.77%
 501  KJ469638_1989_DELIM-ZKPCLROVXPKMUKGQVKGE_1989                         0.03%    passed     99.99%
 502  KJ469610_1990_DELIM-ZKPCLROVXPKMUKGQVKGE_1990                         0.03%    passed     99.97%
 503  KU840351_2001_DELIM-ZKPCLROVXPKMUKGQVKGE_2001-10-24                   0.03%    passed     98.12%
 504  KU840307_2005_DELIM-ZKPCLROVXPKMUKGQVKGE_2005-06-28                   0.03%    passed     98.10%
 505  KJ469561_2005_DELIM-ZKPCLROVXPKMUKGQVKGE_2005                         0.03%    passed     98.10%
 506  KU840291_1991_DELIM-ZKPCLROVXPKMUKGQVKGE_1991-08-02                   0.03%    passed     99.58%
 507  KU840311_2008_DELIM-ZKPCLROVXPKMUKGQVKGE_2008-03-19                   0.03%    passed     96.14%
 508  KU840354_1994_DELIM-ZKPCLROVXPKMUKGQVKGE_1994-08-03                   0.03%    passed     99.35%
 509  KJ469577_1994_DELIM-ZKPCLROVXPKMUKGQVKGE_1994                         0.03%    passed     99.35%
 510  KJ469639_1983_DELIM-ZKPCLROVXPKMUKGQVKGE_1983                         0.03%    passed     99.99%
 511  KJ469634_1989_DELIM-ZKPCLROVXPKMUKGQVKGE_1989                         0.03%    passed     99.85%
 512  KJ469573_1982_DELIM-ZKPCLROVXPKMUKGQVKGE_1982                         0.03%    passed     99.97%
 513  KJ469587_1983_DELIM-ZKPCLROVXPKMUKGQVKGE_1983                         0.03%    passed     99.92%
 514  PY19-0166_S30_2019_DELIM-ZKPCLROVXPKMUKGQVKGE_2019-07-23              0.03%    passed     99.42%
 515  KX029319_2013_DELIM-ZKPCLROVXPKMUKGQVKGE_2013-08-27                   0.03%    passed     99.85%
 516  KX029279_2013_DELIM-ZKPCLROVXPKMUKGQVKGE_2013-10-07                   0.03%    passed     99.72%
 517  KX029274_2014_DELIM-ZKPCLROVXPKMUKGQVKGE_2014-08-11                   0.03%    passed     99.70%
 518  KX029232_2014_DELIM-ZKPCLROVXPKMUKGQVKGE_2014-07-15                   0.03%    passed     99.70%
 519  KX029260_2014_DELIM-ZKPCLROVXPKMUKGQVKGE_2014-08-04                   0.03%    passed     99.64%
 520  KU840302_2004_DELIM-ZKPCLROVXPKMUKGQVKGE_2004-06-29                   0.03%    passed     99.96%
 521  KU840331_2010_DELIM-ZKPCLROVXPKMUKGQVKGE_2010-06-23                   0.03%    passed    100.00%
 522  KU840368_2012_DELIM-ZKPCLROVXPKMUKGQVKGE_2012-01-06                   0.00%    passed     99.71%
****  TOTAL                                                                 0.04%  0 sequences failed composition chi2 test (p-value<5%; df=3)
NOTE: KJ469567_1974_DELIM-ZKPCLROVXPKMUKGQVKGE_1974 is identical to KX000069_1974_DELIM-ZKPCLROVXPKMUKGQVKGE_1974-09-05 but kept for subsequent analysis
NOTE: KX029248_2012_DELIM-ZKPCLROVXPKMUKGQVKGE_2012-08-09 is identical to KX029291_2012_DELIM-ZKPCLROVXPKMUKGQVKGE_2012-09-18 but kept for subsequent analysis
NOTE: KX029264_2010_DELIM-ZKPCLROVXPKMUKGQVKGE_2010-09-08 is identical to KX029313_2010_DELIM-ZKPCLROVXPKMUKGQVKGE_2010-07-12 but kept for subsequent analysis
NOTE: KX029277_2010_DELIM-ZKPCLROVXPKMUKGQVKGE_2010-07-14 is identical to KX029308_2010_DELIM-ZKPCLROVXPKMUKGQVKGE_2010-08-04 but kept for subsequent analysis
NOTE: KX029258_2012_DELIM-ZKPCLROVXPKMUKGQVKGE_2012-08-21 is identical to KX029288_2012_DELIM-ZKPCLROVXPKMUKGQVKGE_2012-07-23 but kept for subsequent analysis
NOTE: KJ469605_1992_DELIM-ZKPCLROVXPKMUKGQVKGE_1992 is identical to KU840318_1992_DELIM-ZKPCLROVXPKMUKGQVKGE_1992-06-25 but kept for subsequent analysis
NOTE: KJ469592_2002_DELIM-ZKPCLROVXPKMUKGQVKGE_2002 is identical to KU840379_2002_DELIM-ZKPCLROVXPKMUKGQVKGE_2002-11-01 but kept for subsequent analysis
NOTE: 10838-19_S61_2019_DELIM-ZKPCLROVXPKMUKGQVKGE_2019-08-21 is identical to 15347-19_S82_2019_DELIM-ZKPCLROVXPKMUKGQVKGE_2019-10-10 but kept for subsequent analysis
NOTE: 10898-19_S62_2019_DELIM-ZKPCLROVXPKMUKGQVKGE_2019-08-21 is identical to 11854-19_S67_2019_DELIM-ZKPCLROVXPKMUKGQVKGE_2019-08-28 but kept for subsequent analysis
NOTE: KJ469572_2001_DELIM-ZKPCLROVXPKMUKGQVKGE_2001 is identical to KU840316_2001_DELIM-ZKPCLROVXPKMUKGQVKGE_2001-10-17 but kept for subsequent analysis
NOTE: KJ469594_2003_DELIM-ZKPCLROVXPKMUKGQVKGE_2003 is identical to KU840356_2003_DELIM-ZKPCLROVXPKMUKGQVKGE_2003-06-10 but kept for subsequent analysis
NOTE: KX029259_2004_DELIM-ZKPCLROVXPKMUKGQVKGE_2004-08-04 is identical to KX029292_2006_DELIM-ZKPCLROVXPKMUKGQVKGE_2006-07-31 but kept for subsequent analysis
NOTE: KX000147_2006_DELIM-ZKPCLROVXPKMUKGQVKGE_2006-08-08 is identical to KX000190_2006_DELIM-ZKPCLROVXPKMUKGQVKGE_2006-09-13 but kept for subsequent analysis
NOTE: KX000170_2005_DELIM-ZKPCLROVXPKMUKGQVKGE_2005-07-19 is identical to KX000199_2005_DELIM-ZKPCLROVXPKMUKGQVKGE_2005-08-21 but kept for subsequent analysis
NOTE: KX000196_2007_DELIM-ZKPCLROVXPKMUKGQVKGE_2007-07-25 is identical to KX000215_2007_DELIM-ZKPCLROVXPKMUKGQVKGE_2007-07-11 but kept for subsequent analysis
NOTE: KU840298_2013_DELIM-ZKPCLROVXPKMUKGQVKGE_2013-04-08 is identical to KU840339_2013_DELIM-ZKPCLROVXPKMUKGQVKGE_2013-04-08 but kept for subsequent analysis
NOTE: NM19-0698_S39_2019_DELIM-ZKPCLROVXPKMUKGQVKGE_2019-09-23 is identical to SL19-1219_S41_2019_DELIM-ZKPCLROVXPKMUKGQVKGE_2019-08-07 but kept for subsequent analysis
NOTE: 10084-19_S56_2019_DELIM-ZKPCLROVXPKMUKGQVKGE_2019-08-15 is identical to 14661-19_S79_2019_DELIM-ZKPCLROVXPKMUKGQVKGE_2019-09-26 but kept for subsequent analysis
NOTE: ARB17MS330746_S18_2017_DELIM-ZKPCLROVXPKMUKGQVKGE_2017-09-26 is identical to ARB17MS370250_S26_2017_DELIM-ZKPCLROVXPKMUKGQVKGE_2017-07-26 but kept for subsequent analysis
NOTE: ARB18MS330394_S19_2018_DELIM-ZKPCLROVXPKMUKGQVKGE_2018-07-31 is identical to ARB18MS330453_S21_2018_DELIM-ZKPCLROVXPKMUKGQVKGE_2018-08-07 but kept for subsequent analysis
NOTE: KX029289_2006_DELIM-ZKPCLROVXPKMUKGQVKGE_2006-08-09 is identical to KX029309_2004_DELIM-ZKPCLROVXPKMUKGQVKGE_2004-10-01 but kept for subsequent analysis
NOTE: KX000168_2009_DELIM-ZKPCLROVXPKMUKGQVKGE_2009-07-29 is identical to KX000231_2010_DELIM-ZKPCLROVXPKMUKGQVKGE_2010-08-31 but kept for subsequent analysis
NOTE: KX000140_2010_DELIM-ZKPCLROVXPKMUKGQVKGE_2010-08-20 is identical to KX000195_2011_DELIM-ZKPCLROVXPKMUKGQVKGE_2011-08-22 but kept for subsequent analysis
NOTE: KX000129_2011_DELIM-ZKPCLROVXPKMUKGQVKGE_2011-08-17 is identical to KX000219_2010_DELIM-ZKPCLROVXPKMUKGQVKGE_2010-08-31 but kept for subsequent analysis
NOTE: KX000217_2009_DELIM-ZKPCLROVXPKMUKGQVKGE_2009-07-28 is identical to KX000226_2009_DELIM-ZKPCLROVXPKMUKGQVKGE_2009-08-06 but kept for subsequent analysis
NOTE: KX000117_2008_DELIM-ZKPCLROVXPKMUKGQVKGE_2008-08-28 is identical to KX000159_2008_DELIM-ZKPCLROVXPKMUKGQVKGE_2008-08-28 but kept for subsequent analysis
NOTE: KX000161_2011_DELIM-ZKPCLROVXPKMUKGQVKGE_2011-07-18 is identical to KX000200_2011_DELIM-ZKPCLROVXPKMUKGQVKGE_2011-08-18 but kept for subsequent analysis
NOTE: KJ469597_2001_DELIM-ZKPCLROVXPKMUKGQVKGE_2001 is identical to KU840317_2001_DELIM-ZKPCLROVXPKMUKGQVKGE_2001-11-21 but kept for subsequent analysis
NOTE: KJ469568_2005_DELIM-ZKPCLROVXPKMUKGQVKGE_2005 is identical to KU840350_2005_DELIM-ZKPCLROVXPKMUKGQVKGE_2005-05-26 but kept for subsequent analysis
NOTE: KJ469591_2001_DELIM-ZKPCLROVXPKMUKGQVKGE_2001 is identical to KU840375_2001_DELIM-ZKPCLROVXPKMUKGQVKGE_2001-06-25 but kept for subsequent analysis
NOTE: KX000206_2012_DELIM-ZKPCLROVXPKMUKGQVKGE_2012-08-24 is identical to KX029256_2013_DELIM-ZKPCLROVXPKMUKGQVKGE_2013-09-03 but kept for subsequent analysis
NOTE: KX000103_2013_DELIM-ZKPCLROVXPKMUKGQVKGE_2013-08-14 is identical to KX000148_2013_DELIM-ZKPCLROVXPKMUKGQVKGE_2013-07-29 but kept for subsequent analysis
NOTE: KJ469632_2004_DELIM-ZKPCLROVXPKMUKGQVKGE_2004 is identical to KJ469646_2004_DELIM-ZKPCLROVXPKMUKGQVKGE_2004 but kept for subsequent analysis
NOTE: KX000116_2014_DELIM-ZKPCLROVXPKMUKGQVKGE_2014-09-03 is identical to KX000142_2013_DELIM-ZKPCLROVXPKMUKGQVKGE_2013-10-01 but kept for subsequent analysis
NOTE: 14117-19_S75_2019_DELIM-ZKPCLROVXPKMUKGQVKGE_2019-09-23 is identical to 14311-19_S78_2019_DELIM-ZKPCLROVXPKMUKGQVKGE_2019-09-23 but kept for subsequent analysis
NOTE: HM210096_1994_DELIM-ZKPCLROVXPKMUKGQVKGE_1994-03-27 is identical to KU840363_1994_DELIM-ZKPCLROVXPKMUKGQVKGE_1994-03-27 but kept for subsequent analysis
NOTE: KJ469561_2005_DELIM-ZKPCLROVXPKMUKGQVKGE_2005 is identical to KU840307_2005_DELIM-ZKPCLROVXPKMUKGQVKGE_2005-06-28 but kept for subsequent analysis
NOTE: KJ469577_1994_DELIM-ZKPCLROVXPKMUKGQVKGE_1994 is identical to KU840354_1994_DELIM-ZKPCLROVXPKMUKGQVKGE_1994-08-03 but kept for subsequent analysis
NOTE: KX029232_2014_DELIM-ZKPCLROVXPKMUKGQVKGE_2014-07-15 is identical to KX029274_2014_DELIM-ZKPCLROVXPKMUKGQVKGE_2014-08-11 but kept for subsequent analysis
Checking for duplicate sequences: done in 0.00426698 secs using 92.81% CPU
Identifying sites to remove: done in 0.026993 secs using 95.42% CPU
NOTE: 21 identical sequences (see below) will be ignored for subsequent analysis
NOTE: KX029257_2011_DELIM-ZKPCLROVXPKMUKGQVKGE_2011-08-17 (identical to KX029288_2012_DELIM-ZKPCLROVXPKMUKGQVKGE_2012-07-23) is ignored but added at the end
NOTE: KX029250_2012_DELIM-ZKPCLROVXPKMUKGQVKGE_2012-07-25 (identical to KX029288_2012_DELIM-ZKPCLROVXPKMUKGQVKGE_2012-07-23) is ignored but added at the end
NOTE: KX029238_2012_DELIM-ZKPCLROVXPKMUKGQVKGE_2012-07-09 (identical to KX029288_2012_DELIM-ZKPCLROVXPKMUKGQVKGE_2012-07-23) is ignored but added at the end
NOTE: KX029246_2004_DELIM-ZKPCLROVXPKMUKGQVKGE_2004-07-28 (identical to KX029292_2006_DELIM-ZKPCLROVXPKMUKGQVKGE_2006-07-31) is ignored but added at the end
NOTE: KX000112_2006_DELIM-ZKPCLROVXPKMUKGQVKGE_2006-08-17 (identical to KX000190_2006_DELIM-ZKPCLROVXPKMUKGQVKGE_2006-09-13) is ignored but added at the end
NOTE: KX000185_2007_DELIM-ZKPCLROVXPKMUKGQVKGE_2007-06-25 (identical to KX000215_2007_DELIM-ZKPCLROVXPKMUKGQVKGE_2007-07-11) is ignored but added at the end
NOTE: KX000171_2007_DELIM-ZKPCLROVXPKMUKGQVKGE_2007-07-11 (identical to KX000215_2007_DELIM-ZKPCLROVXPKMUKGQVKGE_2007-07-11) is ignored but added at the end
NOTE: KX000156_2007_DELIM-ZKPCLROVXPKMUKGQVKGE_2007-07-16 (identical to KX000215_2007_DELIM-ZKPCLROVXPKMUKGQVKGE_2007-07-11) is ignored but added at the end
NOTE: KX000115_2007_DELIM-ZKPCLROVXPKMUKGQVKGE_2007-07-09 (identical to KX000215_2007_DELIM-ZKPCLROVXPKMUKGQVKGE_2007-07-11) is ignored but added at the end
NOTE: KX000106_2007_DELIM-ZKPCLROVXPKMUKGQVKGE_2007-07-18 (identical to KX000215_2007_DELIM-ZKPCLROVXPKMUKGQVKGE_2007-07-11) is ignored but added at the end
NOTE: KP282670_2005_DELIM-ZKPCLROVXPKMUKGQVKGE_2005 (identical to KX029309_2004_DELIM-ZKPCLROVXPKMUKGQVKGE_2004-10-01) is ignored but added at the end
NOTE: KX000164_2009_DELIM-ZKPCLROVXPKMUKGQVKGE_2009-09-03 (identical to KX000231_2010_DELIM-ZKPCLROVXPKMUKGQVKGE_2010-08-31) is ignored but added at the end
NOTE: KX000080_2010_DELIM-ZKPCLROVXPKMUKGQVKGE_2010-08-24 (identical to KX000231_2010_DELIM-ZKPCLROVXPKMUKGQVKGE_2010-08-31) is ignored but added at the end
NOTE: KX000074_2009_DELIM-ZKPCLROVXPKMUKGQVKGE_2009-08-27 (identical to KX000231_2010_DELIM-ZKPCLROVXPKMUKGQVKGE_2010-08-31) is ignored but added at the end
NOTE: KX000054_2010_DELIM-ZKPCLROVXPKMUKGQVKGE_2010-08-19 (identical to KX000231_2010_DELIM-ZKPCLROVXPKMUKGQVKGE_2010-08-31) is ignored but added at the end
NOTE: KX000048_2010_DELIM-ZKPCLROVXPKMUKGQVKGE_2010-06-30 (identical to KX000231_2010_DELIM-ZKPCLROVXPKMUKGQVKGE_2010-08-31) is ignored but added at the end
NOTE: KX000216_2006_DELIM-ZKPCLROVXPKMUKGQVKGE_2006-08-03 (identical to KX000226_2009_DELIM-ZKPCLROVXPKMUKGQVKGE_2009-08-06) is ignored but added at the end
NOTE: KX000177_2009_DELIM-ZKPCLROVXPKMUKGQVKGE_2009-08-13 (identical to KX000226_2009_DELIM-ZKPCLROVXPKMUKGQVKGE_2009-08-06) is ignored but added at the end
NOTE: KX000067_2009_DELIM-ZKPCLROVXPKMUKGQVKGE_2009-07-23 (identical to KX000226_2009_DELIM-ZKPCLROVXPKMUKGQVKGE_2009-08-06) is ignored but added at the end
NOTE: KX000110_2011_DELIM-ZKPCLROVXPKMUKGQVKGE_2011-08-10 (identical to KX000200_2011_DELIM-ZKPCLROVXPKMUKGQVKGE_2011-08-18) is ignored but added at the end
NOTE: KX000073_2013_DELIM-ZKPCLROVXPKMUKGQVKGE_2013-08-23 (identical to KX000148_2013_DELIM-ZKPCLROVXPKMUKGQVKGE_2013-07-29) is ignored but added at the end
Alignment was printed to results/filtered-delim.fasta.uniqueseq.phy

For your convenience alignment with unique sequences printed to results/filtered-delim.fasta.uniqueseq.phy

Create initial parsimony tree by phylogenetic likelihood library (PLL)... 0.008 seconds

NOTE: 38 MB RAM (0 GB) is required!
Estimate model parameters (epsilon = 0.500)
1. Initial log-likelihood: -214336.653
2. Current log-likelihood: -194879.203
3. Current log-likelihood: -192205.444
4. Current log-likelihood: -192189.266
Optimal log-likelihood: -192189.255
Rate parameters:  A-C: 1.18726  A-G: 5.51488  A-T: 1.23486  C-G: 0.06024  C-T: 18.28874  G-T: 1.00000
Base frequencies:  A: 0.282  C: 0.248  G: 0.245  T: 0.225
Parameters optimization took 4 rounds (4.535 sec)
Wrote distance file to... 
Computing ML distances based on estimated model parameters...
Calculating distance matrix: done in 0.993442 secs using 99.49% CPU
Computing ML distances took 0.996863 sec (of wall-clock time) 0.991532 sec (of CPU time)
Setting up auxiliary I and S matrices: done in 0.00396705 secs using 186.7% CPU
Constructing RapidNJ tree: done in 0.00906801 secs using 190.4% CPU
Computing RapidNJ tree took 0.013091 sec (of wall-clock time) 0.024702 sec (of CPU time)
Log-likelihood of RapidNJ tree: -54056.610
--------------------------------------------------------------------
|             INITIALIZING CANDIDATE TREE SET                      |
--------------------------------------------------------------------

Do NNI search on 2 best initial trees
Optimizing NNI: done in 0.999466 secs using 99.41% CPU
Estimate model parameters (epsilon = 0.500)
BETTER TREE FOUND at iteration 1: -54025.427
Optimizing NNI: done in 17.9685 secs using 99.31% CPU
Finish initializing candidate tree set (4)
Current best tree score: -54025.427 / CPU time: 20.144
Number of iterations: 2
TREE SEARCH COMPLETED AFTER 2 ITERATIONS / Time: 0h:0m:26s

--------------------------------------------------------------------
|                    FINALIZING TREE SEARCH                        |
--------------------------------------------------------------------
Performs final model parameters optimization
Estimate model parameters (epsilon = 0.050)
1. Initial log-likelihood: -54025.427
Optimal log-likelihood: -54025.427
Rate parameters:  A-C: 1.03539  A-G: 5.08555  A-T: 1.23262  C-G: 0.07848  C-T: 15.46010  G-T: 1.00000
Base frequencies:  A: 0.282  C: 0.248  G: 0.245  T: 0.225
Parameters optimization took 1 rounds (0.417 sec)
BEST SCORE FOUND : -54025.427
Total tree length: 0.418

Total number of iterations: 2
CPU time used for tree search: 20.009 sec (0h:0m:20s)
Wall-clock time used for tree search: 20.145 sec (0h:0m:20s)
Total CPU time used: 26.502 sec (0h:0m:26s)
Total wall-clock time used: 26.622 sec (0h:0m:26s)

Analysis results written to: 
  IQ-TREE report:                results/filtered-delim.fasta.iqtree
  Maximum-likelihood tree:       results/filtered-delim.fasta.treefile
  Likelihood distances:          results/filtered-delim.fasta.mldist
  Screen log file:               results/filtered-delim.fasta.log

Date and Time: Wed Jul 27 11:36:14 2022
